CRITICAL - 2024-07-13 13:27:05 --> Call to undefined function CodeIgniter\locale_set_default()
#0 C:\xampp\htdocs\oaualumni\system\bootstrap.php(146): CodeIgniter\CodeIgniter->initialize()
#1 C:\xampp\htdocs\oaualumni\index.php(28): require('C:\\xampp\\htdocs...')
#2 {main}
CRITICAL - 2024-07-13 13:27:19 --> Call to undefined function CodeIgniter\locale_set_default()
#0 C:\xampp\htdocs\oaualumni\system\bootstrap.php(146): CodeIgniter\CodeIgniter->initialize()
#1 C:\xampp\htdocs\oaualumni\index.php(28): require('C:\\xampp\\htdocs...')
#2 {main}
CRITICAL - 2024-07-13 13:27:51 --> Call to undefined function CodeIgniter\locale_set_default()
#0 C:\xampp\htdocs\oaualumni\system\bootstrap.php(146): CodeIgniter\CodeIgniter->initialize()
#1 C:\xampp\htdocs\oaualumni\index.php(28): require('C:\\xampp\\htdocs...')
#2 {main}
CRITICAL - 2024-07-13 13:46:35 --> Call to undefined function CodeIgniter\locale_set_default()
#0 C:\xampp\htdocs\oaualumni\system\bootstrap.php(146): CodeIgniter\CodeIgniter->initialize()
#1 C:\xampp\htdocs\oaualumni\index.php(28): require('C:\\xampp\\htdocs...')
#2 {main}
CRITICAL - 2024-07-13 13:49:32 --> Call to undefined function CodeIgniter\locale_set_default()
#0 C:\xampp\htdocs\oaualumni\system\bootstrap.php(146): CodeIgniter\CodeIgniter->initialize()
#1 C:\xampp\htdocs\oaualumni\index.php(28): require('C:\\xampp\\htdocs...')
#2 {main}
CRITICAL - 2024-07-13 13:49:34 --> Call to undefined function CodeIgniter\locale_set_default()
#0 C:\xampp\htdocs\oaualumni\system\bootstrap.php(146): CodeIgniter\CodeIgniter->initialize()
#1 C:\xampp\htdocs\oaualumni\index.php(28): require('C:\\xampp\\htdocs...')
#2 {main}
CRITICAL - 2024-07-13 13:49:35 --> Call to undefined function CodeIgniter\locale_set_default()
#0 C:\xampp\htdocs\oaualumni\system\bootstrap.php(146): CodeIgniter\CodeIgniter->initialize()
#1 C:\xampp\htdocs\oaualumni\index.php(28): require('C:\\xampp\\htdocs...')
#2 {main}
CRITICAL - 2024-07-13 13:50:11 --> Call to undefined function CodeIgniter\locale_set_default()
#0 C:\xampp\htdocs\oaualumni\system\bootstrap.php(146): CodeIgniter\CodeIgniter->initialize()
#1 C:\xampp\htdocs\oaualumni\index.php(28): require('C:\\xampp\\htdocs...')
#2 {main}
CRITICAL - 2024-07-13 13:50:13 --> Call to undefined function CodeIgniter\locale_set_default()
#0 C:\xampp\htdocs\oaualumni\system\bootstrap.php(146): CodeIgniter\CodeIgniter->initialize()
#1 C:\xampp\htdocs\oaualumni\index.php(28): require('C:\\xampp\\htdocs...')
#2 {main}
CRITICAL - 2024-07-13 08:57:04 --> Undefined array key 419
#0 C:\xampp\htdocs\oaualumni\app\Views\users\readmeeting.php(98): CodeIgniter\Debug\Exceptions->errorHandler(2, 'Undefined array...', 'C:\\xampp\\htdocs...', 98)
#1 C:\xampp\htdocs\oaualumni\system\View\View.php(210): include('C:\\xampp\\htdocs...')
#2 C:\xampp\htdocs\oaualumni\system\View\View.php(213): CodeIgniter\View\View->CodeIgniter\View\{closure}()
#3 C:\xampp\htdocs\oaualumni\system\Common.php(1089): CodeIgniter\View\View->render('users/readmeeti...', Array, true)
#4 C:\xampp\htdocs\oaualumni\app\Controllers\OnlineMeetings.php(92): view('users/readmeeti...', Array)
#5 C:\xampp\htdocs\oaualumni\system\CodeIgniter.php(825): App\Controllers\OnlineMeetings->read('5')
#6 C:\xampp\htdocs\oaualumni\system\CodeIgniter.php(412): CodeIgniter\CodeIgniter->runController(Object(App\Controllers\OnlineMeetings))
#7 C:\xampp\htdocs\oaualumni\system\CodeIgniter.php(320): CodeIgniter\CodeIgniter->handleRequest(NULL, Object(Config\Cache), false)
#8 C:\xampp\htdocs\oaualumni\index.php(37): CodeIgniter\CodeIgniter->run()
#9 {main}
CRITICAL - 2024-07-13 08:58:51 --> syntax error, unexpected token "echo"
#0 C:\xampp\htdocs\oaualumni\system\View\View.php(213): CodeIgniter\View\View->CodeIgniter\View\{closure}()
#1 C:\xampp\htdocs\oaualumni\system\Common.php(1089): CodeIgniter\View\View->render('users/readmeeti...', Array, true)
#2 C:\xampp\htdocs\oaualumni\app\Controllers\OnlineMeetings.php(92): view('users/readmeeti...', Array)
#3 C:\xampp\htdocs\oaualumni\system\CodeIgniter.php(825): App\Controllers\OnlineMeetings->read('5')
#4 C:\xampp\htdocs\oaualumni\system\CodeIgniter.php(412): CodeIgniter\CodeIgniter->runController(Object(App\Controllers\OnlineMeetings))
#5 C:\xampp\htdocs\oaualumni\system\CodeIgniter.php(320): CodeIgniter\CodeIgniter->handleRequest(NULL, Object(Config\Cache), false)
#6 C:\xampp\htdocs\oaualumni\index.php(37): CodeIgniter\CodeIgniter->run()
#7 {main}
CRITICAL - 2024-07-13 08:59:31 --> Undefined array key 419
#0 C:\xampp\htdocs\oaualumni\app\Views\users\readmeeting.php(98): CodeIgniter\Debug\Exceptions->errorHandler(2, 'Undefined array...', 'C:\\xampp\\htdocs...', 98)
#1 C:\xampp\htdocs\oaualumni\system\View\View.php(210): include('C:\\xampp\\htdocs...')
#2 C:\xampp\htdocs\oaualumni\system\View\View.php(213): CodeIgniter\View\View->CodeIgniter\View\{closure}()
#3 C:\xampp\htdocs\oaualumni\system\Common.php(1089): CodeIgniter\View\View->render('users/readmeeti...', Array, true)
#4 C:\xampp\htdocs\oaualumni\app\Controllers\OnlineMeetings.php(92): view('users/readmeeti...', Array)
#5 C:\xampp\htdocs\oaualumni\system\CodeIgniter.php(825): App\Controllers\OnlineMeetings->read('5')
#6 C:\xampp\htdocs\oaualumni\system\CodeIgniter.php(412): CodeIgniter\CodeIgniter->runController(Object(App\Controllers\OnlineMeetings))
#7 C:\xampp\htdocs\oaualumni\system\CodeIgniter.php(320): CodeIgniter\CodeIgniter->handleRequest(NULL, Object(Config\Cache), false)
#8 C:\xampp\htdocs\oaualumni\index.php(37): CodeIgniter\CodeIgniter->run()
#9 {main}
CRITICAL - 2024-07-13 08:59:45 --> Undefined array key 419
#0 C:\xampp\htdocs\oaualumni\app\Views\users\readmeeting.php(98): CodeIgniter\Debug\Exceptions->errorHandler(2, 'Undefined array...', 'C:\\xampp\\htdocs...', 98)
#1 C:\xampp\htdocs\oaualumni\system\View\View.php(210): include('C:\\xampp\\htdocs...')
#2 C:\xampp\htdocs\oaualumni\system\View\View.php(213): CodeIgniter\View\View->CodeIgniter\View\{closure}()
#3 C:\xampp\htdocs\oaualumni\system\Common.php(1089): CodeIgniter\View\View->render('users/readmeeti...', Array, true)
#4 C:\xampp\htdocs\oaualumni\app\Controllers\OnlineMeetings.php(92): view('users/readmeeti...', Array)
#5 C:\xampp\htdocs\oaualumni\system\CodeIgniter.php(825): App\Controllers\OnlineMeetings->read('5')
#6 C:\xampp\htdocs\oaualumni\system\CodeIgniter.php(412): CodeIgniter\CodeIgniter->runController(Object(App\Controllers\OnlineMeetings))
#7 C:\xampp\htdocs\oaualumni\system\CodeIgniter.php(320): CodeIgniter\CodeIgniter->handleRequest(NULL, Object(Config\Cache), false)
#8 C:\xampp\htdocs\oaualumni\index.php(37): CodeIgniter\CodeIgniter->run()
#9 {main}
