CRITICAL - 2024-05-24 08:06:05 --> Class "Paypal_lib" not found
#0 C:\xampp\htdocs\oaualumni\system\CodeIgniter.php(802): App\Controllers\Donations->__construct()
#1 C:\xampp\htdocs\oaualumni\system\CodeIgniter.php(403): CodeIgniter\CodeIgniter->createController()
#2 C:\xampp\htdocs\oaualumni\system\CodeIgniter.php(320): CodeIgniter\CodeIgniter->handleRequest(NULL, Object(Config\Cache), false)
#3 C:\xampp\htdocs\oaualumni\index.php(37): CodeIgniter\CodeIgniter->run()
#4 {main}
CRITICAL - 2024-05-24 08:27:35 --> Undefined array key "id"
#0 C:\xampp\htdocs\oaualumni\app\Controllers\Donations.php(194): CodeIgniter\Debug\Exceptions->errorHandler(2, 'Undefined array...', 'C:\\xampp\\htdocs...', 194)
#1 C:\xampp\htdocs\oaualumni\system\CodeIgniter.php(825): App\Controllers\Donations->donate('1')
#2 C:\xampp\htdocs\oaualumni\system\CodeIgniter.php(412): CodeIgniter\CodeIgniter->runController(Object(App\Controllers\Donations))
#3 C:\xampp\htdocs\oaualumni\system\CodeIgniter.php(320): CodeIgniter\CodeIgniter->handleRequest(NULL, Object(Config\Cache), false)
#4 C:\xampp\htdocs\oaualumni\index.php(37): CodeIgniter\CodeIgniter->run()
#5 {main}
CRITICAL - 2024-05-24 10:46:59 --> Trying to access array offset on value of type null
#0 C:\xampp\htdocs\oaualumni\app\Views\users\donationthanks.php(28): CodeIgniter\Debug\Exceptions->errorHandler(2, 'Trying to acces...', 'C:\\xampp\\htdocs...', 28)
#1 C:\xampp\htdocs\oaualumni\system\View\View.php(210): include('C:\\xampp\\htdocs...')
#2 C:\xampp\htdocs\oaualumni\system\View\View.php(213): CodeIgniter\View\View->CodeIgniter\View\{closure}()
#3 C:\xampp\htdocs\oaualumni\system\Common.php(1089): CodeIgniter\View\View->render('users/donationt...', Array, true)
#4 C:\xampp\htdocs\oaualumni\app\Controllers\Donations.php(230): view('users/donationt...', Array)
#5 C:\xampp\htdocs\oaualumni\system\CodeIgniter.php(825): App\Controllers\Donations->success()
#6 C:\xampp\htdocs\oaualumni\system\CodeIgniter.php(412): CodeIgniter\CodeIgniter->runController(Object(App\Controllers\Donations))
#7 C:\xampp\htdocs\oaualumni\system\CodeIgniter.php(320): CodeIgniter\CodeIgniter->handleRequest(NULL, Object(Config\Cache), false)
#8 C:\xampp\htdocs\oaualumni\index.php(37): CodeIgniter\CodeIgniter->run()
#9 {main}
CRITICAL - 2024-05-24 10:48:47 --> Trying to access array offset on value of type null
#0 C:\xampp\htdocs\oaualumni\app\Views\users\donationthanks.php(28): CodeIgniter\Debug\Exceptions->errorHandler(2, 'Trying to acces...', 'C:\\xampp\\htdocs...', 28)
#1 C:\xampp\htdocs\oaualumni\system\View\View.php(210): include('C:\\xampp\\htdocs...')
#2 C:\xampp\htdocs\oaualumni\system\View\View.php(213): CodeIgniter\View\View->CodeIgniter\View\{closure}()
#3 C:\xampp\htdocs\oaualumni\system\Common.php(1089): CodeIgniter\View\View->render('users/donationt...', Array, true)
#4 C:\xampp\htdocs\oaualumni\app\Controllers\Donations.php(230): view('users/donationt...', Array)
#5 C:\xampp\htdocs\oaualumni\system\CodeIgniter.php(825): App\Controllers\Donations->success()
#6 C:\xampp\htdocs\oaualumni\system\CodeIgniter.php(412): CodeIgniter\CodeIgniter->runController(Object(App\Controllers\Donations))
#7 C:\xampp\htdocs\oaualumni\system\CodeIgniter.php(320): CodeIgniter\CodeIgniter->handleRequest(NULL, Object(Config\Cache), false)
#8 C:\xampp\htdocs\oaualumni\index.php(37): CodeIgniter\CodeIgniter->run()
#9 {main}
CRITICAL - 2024-05-24 11:04:38 --> Cannot use object of type stdClass as array
#0 C:\xampp\htdocs\oaualumni\system\CodeIgniter.php(825): App\Controllers\Donations->success()
#1 C:\xampp\htdocs\oaualumni\system\CodeIgniter.php(412): CodeIgniter\CodeIgniter->runController(Object(App\Controllers\Donations))
#2 C:\xampp\htdocs\oaualumni\system\CodeIgniter.php(320): CodeIgniter\CodeIgniter->handleRequest(NULL, Object(Config\Cache), false)
#3 C:\xampp\htdocs\oaualumni\index.php(37): CodeIgniter\CodeIgniter->run()
#4 {main}
CRITICAL - 2024-05-24 11:05:06 --> Cannot use object of type stdClass as array
#0 C:\xampp\htdocs\oaualumni\system\CodeIgniter.php(825): App\Controllers\Donations->success()
#1 C:\xampp\htdocs\oaualumni\system\CodeIgniter.php(412): CodeIgniter\CodeIgniter->runController(Object(App\Controllers\Donations))
#2 C:\xampp\htdocs\oaualumni\system\CodeIgniter.php(320): CodeIgniter\CodeIgniter->handleRequest(NULL, Object(Config\Cache), false)
#3 C:\xampp\htdocs\oaualumni\index.php(37): CodeIgniter\CodeIgniter->run()
#4 {main}
CRITICAL - 2024-05-24 11:05:50 --> Cannot use object of type stdClass as array
#0 C:\xampp\htdocs\oaualumni\system\CodeIgniter.php(825): App\Controllers\Donations->success()
#1 C:\xampp\htdocs\oaualumni\system\CodeIgniter.php(412): CodeIgniter\CodeIgniter->runController(Object(App\Controllers\Donations))
#2 C:\xampp\htdocs\oaualumni\system\CodeIgniter.php(320): CodeIgniter\CodeIgniter->handleRequest(NULL, Object(Config\Cache), false)
#3 C:\xampp\htdocs\oaualumni\index.php(37): CodeIgniter\CodeIgniter->run()
#4 {main}
CRITICAL - 2024-05-24 11:06:05 --> Cannot use object of type stdClass as array
#0 C:\xampp\htdocs\oaualumni\system\CodeIgniter.php(825): App\Controllers\Donations->success()
#1 C:\xampp\htdocs\oaualumni\system\CodeIgniter.php(412): CodeIgniter\CodeIgniter->runController(Object(App\Controllers\Donations))
#2 C:\xampp\htdocs\oaualumni\system\CodeIgniter.php(320): CodeIgniter\CodeIgniter->handleRequest(NULL, Object(Config\Cache), false)
#3 C:\xampp\htdocs\oaualumni\index.php(37): CodeIgniter\CodeIgniter->run()
#4 {main}
CRITICAL - 2024-05-24 14:00:22 --> Cannot use object of type stdClass as array
#0 C:\xampp\htdocs\oaualumni\system\CodeIgniter.php(825): App\Controllers\Donations->success()
#1 C:\xampp\htdocs\oaualumni\system\CodeIgniter.php(412): CodeIgniter\CodeIgniter->runController(Object(App\Controllers\Donations))
#2 C:\xampp\htdocs\oaualumni\system\CodeIgniter.php(320): CodeIgniter\CodeIgniter->handleRequest(NULL, Object(Config\Cache), false)
#3 C:\xampp\htdocs\oaualumni\index.php(37): CodeIgniter\CodeIgniter->run()
#4 {main}
CRITICAL - 2024-05-24 14:02:21 --> Undefined variable $paymentData
#0 C:\xampp\htdocs\oaualumni\app\Views\users\donationthanks.php(28): CodeIgniter\Debug\Exceptions->errorHandler(2, 'Undefined varia...', 'C:\\xampp\\htdocs...', 28)
#1 C:\xampp\htdocs\oaualumni\system\View\View.php(210): include('C:\\xampp\\htdocs...')
#2 C:\xampp\htdocs\oaualumni\system\View\View.php(213): CodeIgniter\View\View->CodeIgniter\View\{closure}()
#3 C:\xampp\htdocs\oaualumni\system\Common.php(1089): CodeIgniter\View\View->render('users/donationt...', Array, true)
#4 C:\xampp\htdocs\oaualumni\app\Controllers\Donations.php(279): view('users/donationt...', Array)
#5 C:\xampp\htdocs\oaualumni\system\CodeIgniter.php(825): App\Controllers\Donations->success()
#6 C:\xampp\htdocs\oaualumni\system\CodeIgniter.php(412): CodeIgniter\CodeIgniter->runController(Object(App\Controllers\Donations))
#7 C:\xampp\htdocs\oaualumni\system\CodeIgniter.php(320): CodeIgniter\CodeIgniter->handleRequest(NULL, Object(Config\Cache), false)
#8 C:\xampp\htdocs\oaualumni\index.php(37): CodeIgniter\CodeIgniter->run()
#9 {main}
CRITICAL - 2024-05-24 14:24:17 --> Attempt to read property "email" on int
#0 C:\xampp\htdocs\oaualumni\app\Controllers\Donations.php(226): CodeIgniter\Debug\Exceptions->errorHandler(2, 'Attempt to read...', 'C:\\xampp\\htdocs...', 226)
#1 C:\xampp\htdocs\oaualumni\system\CodeIgniter.php(825): App\Controllers\Donations->success()
#2 C:\xampp\htdocs\oaualumni\system\CodeIgniter.php(412): CodeIgniter\CodeIgniter->runController(Object(App\Controllers\Donations))
#3 C:\xampp\htdocs\oaualumni\system\CodeIgniter.php(320): CodeIgniter\CodeIgniter->handleRequest(NULL, Object(Config\Cache), false)
#4 C:\xampp\htdocs\oaualumni\index.php(37): CodeIgniter\CodeIgniter->run()
#5 {main}
CRITICAL - 2024-05-24 14:24:56 --> syntax error, unexpected variable "$data"
#0 C:\xampp\htdocs\oaualumni\system\Autoloader\Autoloader.php(241): CodeIgniter\Autoloader\Autoloader->includeFile('C:\\xampp\\htdocs...')
#1 C:\xampp\htdocs\oaualumni\system\Autoloader\Autoloader.php(219): CodeIgniter\Autoloader\Autoloader->loadInNamespace('App\\Controllers...')
#2 [internal function]: CodeIgniter\Autoloader\Autoloader->loadClass('App\\Controllers...')
#3 C:\xampp\htdocs\oaualumni\system\CodeIgniter.php(790): class_exists('\\App\\Controller...', true)
#4 C:\xampp\htdocs\oaualumni\system\CodeIgniter.php(399): CodeIgniter\CodeIgniter->startController()
#5 C:\xampp\htdocs\oaualumni\system\CodeIgniter.php(320): CodeIgniter\CodeIgniter->handleRequest(NULL, Object(Config\Cache), false)
#6 C:\xampp\htdocs\oaualumni\index.php(37): CodeIgniter\CodeIgniter->run()
#7 {main}
CRITICAL - 2024-05-24 14:34:14 --> Undefined array key "email"
#0 C:\xampp\htdocs\oaualumni\app\Controllers\Donations.php(228): CodeIgniter\Debug\Exceptions->errorHandler(2, 'Undefined array...', 'C:\\xampp\\htdocs...', 228)
#1 C:\xampp\htdocs\oaualumni\system\CodeIgniter.php(825): App\Controllers\Donations->success()
#2 C:\xampp\htdocs\oaualumni\system\CodeIgniter.php(412): CodeIgniter\CodeIgniter->runController(Object(App\Controllers\Donations))
#3 C:\xampp\htdocs\oaualumni\system\CodeIgniter.php(320): CodeIgniter\CodeIgniter->handleRequest(NULL, Object(Config\Cache), false)
#4 C:\xampp\htdocs\oaualumni\index.php(37): CodeIgniter\CodeIgniter->run()
#5 {main}
CRITICAL - 2024-05-24 14:34:59 --> Attempt to read property "first_name" on int
#0 C:\xampp\htdocs\oaualumni\app\Controllers\Donations.php(234): CodeIgniter\Debug\Exceptions->errorHandler(2, 'Attempt to read...', 'C:\\xampp\\htdocs...', 234)
#1 C:\xampp\htdocs\oaualumni\system\CodeIgniter.php(825): App\Controllers\Donations->success()
#2 C:\xampp\htdocs\oaualumni\system\CodeIgniter.php(412): CodeIgniter\CodeIgniter->runController(Object(App\Controllers\Donations))
#3 C:\xampp\htdocs\oaualumni\system\CodeIgniter.php(320): CodeIgniter\CodeIgniter->handleRequest(NULL, Object(Config\Cache), false)
#4 C:\xampp\htdocs\oaualumni\index.php(37): CodeIgniter\CodeIgniter->run()
#5 {main}
CRITICAL - 2024-05-24 14:35:38 --> Value of type bool is not callable
#0 C:\xampp\htdocs\oaualumni\system\CodeIgniter.php(825): App\Controllers\Donations->success()
#1 C:\xampp\htdocs\oaualumni\system\CodeIgniter.php(412): CodeIgniter\CodeIgniter->runController(Object(App\Controllers\Donations))
#2 C:\xampp\htdocs\oaualumni\system\CodeIgniter.php(320): CodeIgniter\CodeIgniter->handleRequest(NULL, Object(Config\Cache), false)
#3 C:\xampp\htdocs\oaualumni\index.php(37): CodeIgniter\CodeIgniter->run()
#4 {main}
CRITICAL - 2024-05-24 14:35:50 --> Attempt to read property "first_name" on int
#0 C:\xampp\htdocs\oaualumni\app\Controllers\Donations.php(234): CodeIgniter\Debug\Exceptions->errorHandler(2, 'Attempt to read...', 'C:\\xampp\\htdocs...', 234)
#1 C:\xampp\htdocs\oaualumni\system\CodeIgniter.php(825): App\Controllers\Donations->success()
#2 C:\xampp\htdocs\oaualumni\system\CodeIgniter.php(412): CodeIgniter\CodeIgniter->runController(Object(App\Controllers\Donations))
#3 C:\xampp\htdocs\oaualumni\system\CodeIgniter.php(320): CodeIgniter\CodeIgniter->handleRequest(NULL, Object(Config\Cache), false)
#4 C:\xampp\htdocs\oaualumni\index.php(37): CodeIgniter\CodeIgniter->run()
#5 {main}
CRITICAL - 2024-05-24 15:33:49 --> Call to a member function paginate() on array
#0 C:\xampp\htdocs\oaualumni\system\CodeIgniter.php(825): App\Controllers\Admin->viewAllContributions('1')
#1 C:\xampp\htdocs\oaualumni\system\CodeIgniter.php(412): CodeIgniter\CodeIgniter->runController(Object(App\Controllers\Admin))
#2 C:\xampp\htdocs\oaualumni\system\CodeIgniter.php(320): CodeIgniter\CodeIgniter->handleRequest(NULL, Object(Config\Cache), false)
#3 C:\xampp\htdocs\oaualumni\index.php(37): CodeIgniter\CodeIgniter->run()
#4 {main}
CRITICAL - 2024-05-24 15:34:07 --> Undefined array key "u_last_name"
#0 C:\xampp\htdocs\oaualumni\app\Views\admin\content\allDonationContributors.php(56): CodeIgniter\Debug\Exceptions->errorHandler(2, 'Undefined array...', 'C:\\xampp\\htdocs...', 56)
#1 C:\xampp\htdocs\oaualumni\system\View\View.php(210): include('C:\\xampp\\htdocs...')
#2 C:\xampp\htdocs\oaualumni\system\View\View.php(213): CodeIgniter\View\View->CodeIgniter\View\{closure}()
#3 C:\xampp\htdocs\oaualumni\system\Common.php(1089): CodeIgniter\View\View->render('admin/content/a...', Array, true)
#4 C:\xampp\htdocs\oaualumni\app\Controllers\Admin.php(2402): view('admin/content/a...', Array)
#5 C:\xampp\htdocs\oaualumni\system\CodeIgniter.php(825): App\Controllers\Admin->viewAllContributions('1')
#6 C:\xampp\htdocs\oaualumni\system\CodeIgniter.php(412): CodeIgniter\CodeIgniter->runController(Object(App\Controllers\Admin))
#7 C:\xampp\htdocs\oaualumni\system\CodeIgniter.php(320): CodeIgniter\CodeIgniter->handleRequest(NULL, Object(Config\Cache), false)
#8 C:\xampp\htdocs\oaualumni\index.php(37): CodeIgniter\CodeIgniter->run()
#9 {main}
CRITICAL - 2024-05-24 15:35:32 --> Undefined array key "u_last_name"
#0 C:\xampp\htdocs\oaualumni\app\Views\admin\content\allDonationContributors.php(56): CodeIgniter\Debug\Exceptions->errorHandler(2, 'Undefined array...', 'C:\\xampp\\htdocs...', 56)
#1 C:\xampp\htdocs\oaualumni\system\View\View.php(210): include('C:\\xampp\\htdocs...')
#2 C:\xampp\htdocs\oaualumni\system\View\View.php(213): CodeIgniter\View\View->CodeIgniter\View\{closure}()
#3 C:\xampp\htdocs\oaualumni\system\Common.php(1089): CodeIgniter\View\View->render('admin/content/a...', Array, true)
#4 C:\xampp\htdocs\oaualumni\app\Controllers\Admin.php(2402): view('admin/content/a...', Array)
#5 C:\xampp\htdocs\oaualumni\system\CodeIgniter.php(825): App\Controllers\Admin->viewAllContributions('1')
#6 C:\xampp\htdocs\oaualumni\system\CodeIgniter.php(412): CodeIgniter\CodeIgniter->runController(Object(App\Controllers\Admin))
#7 C:\xampp\htdocs\oaualumni\system\CodeIgniter.php(320): CodeIgniter\CodeIgniter->handleRequest(NULL, Object(Config\Cache), false)
#8 C:\xampp\htdocs\oaualumni\index.php(37): CodeIgniter\CodeIgniter->run()
#9 {main}
CRITICAL - 2024-05-24 15:35:43 --> Undefined variable $member
#0 C:\xampp\htdocs\oaualumni\app\Views\admin\content\allDonationContributors.php(76): CodeIgniter\Debug\Exceptions->errorHandler(2, 'Undefined varia...', 'C:\\xampp\\htdocs...', 76)
#1 C:\xampp\htdocs\oaualumni\system\View\View.php(210): include('C:\\xampp\\htdocs...')
#2 C:\xampp\htdocs\oaualumni\system\View\View.php(213): CodeIgniter\View\View->CodeIgniter\View\{closure}()
#3 C:\xampp\htdocs\oaualumni\system\Common.php(1089): CodeIgniter\View\View->render('admin/content/a...', Array, true)
#4 C:\xampp\htdocs\oaualumni\app\Controllers\Admin.php(2402): view('admin/content/a...', Array)
#5 C:\xampp\htdocs\oaualumni\system\CodeIgniter.php(825): App\Controllers\Admin->viewAllContributions('1')
#6 C:\xampp\htdocs\oaualumni\system\CodeIgniter.php(412): CodeIgniter\CodeIgniter->runController(Object(App\Controllers\Admin))
#7 C:\xampp\htdocs\oaualumni\system\CodeIgniter.php(320): CodeIgniter\CodeIgniter->handleRequest(NULL, Object(Config\Cache), false)
#8 C:\xampp\htdocs\oaualumni\index.php(37): CodeIgniter\CodeIgniter->run()
#9 {main}
CRITICAL - 2024-05-24 15:40:47 --> Undefined array key "group_image"
#0 C:\xampp\htdocs\oaualumni\app\Controllers\Admin.php(2498): CodeIgniter\Debug\Exceptions->errorHandler(2, 'Undefined array...', 'C:\\xampp\\htdocs...', 2498)
#1 C:\xampp\htdocs\oaualumni\system\CodeIgniter.php(825): App\Controllers\Admin->updateDonation()
#2 C:\xampp\htdocs\oaualumni\system\CodeIgniter.php(412): CodeIgniter\CodeIgniter->runController(Object(App\Controllers\Admin))
#3 C:\xampp\htdocs\oaualumni\system\CodeIgniter.php(320): CodeIgniter\CodeIgniter->handleRequest(NULL, Object(Config\Cache), false)
#4 C:\xampp\htdocs\oaualumni\index.php(37): CodeIgniter\CodeIgniter->run()
#5 {main}
CRITICAL - 2024-05-24 16:38:58 --> Cannot use object of type stdClass as array
#0 C:\xampp\htdocs\oaualumni\system\View\View.php(210): include()
#1 C:\xampp\htdocs\oaualumni\system\View\View.php(213): CodeIgniter\View\View->CodeIgniter\View\{closure}()
#2 C:\xampp\htdocs\oaualumni\system\Common.php(1089): CodeIgniter\View\View->render('content/upcomin...', Array, true)
#3 C:\xampp\htdocs\oaualumni\app\Controllers\Home.php(56): view('content/upcomin...')
#4 C:\xampp\htdocs\oaualumni\system\CodeIgniter.php(825): App\Controllers\Home->index()
#5 C:\xampp\htdocs\oaualumni\system\CodeIgniter.php(412): CodeIgniter\CodeIgniter->runController(Object(App\Controllers\Home))
#6 C:\xampp\htdocs\oaualumni\system\CodeIgniter.php(320): CodeIgniter\CodeIgniter->handleRequest(NULL, Object(Config\Cache), false)
#7 C:\xampp\htdocs\oaualumni\index.php(37): CodeIgniter\CodeIgniter->run()
#8 {main}
