CRITICAL - 2022-01-19 00:00:31 --> Argument 2 passed to form_input() must be of the type string, null given, called in C:\xampp\htdocs\club\app\Views\users\content\profile.php on line 40
#0 C:\xampp\htdocs\club\app\Views\users\content\profile.php(40): form_input('last_name', NULL, Array)
#1 C:\xampp\htdocs\club\system\View\View.php(210): include('C:\\xampp\\htdocs...')
#2 C:\xampp\htdocs\club\system\View\View.php(213): CodeIgniter\View\View->CodeIgniter\View\{closure}()
#3 C:\xampp\htdocs\club\system\Common.php(1089): CodeIgniter\View\View->render('users/content/p...', Array, true)
#4 C:\xampp\htdocs\club\app\Controllers\User.php(314): view('users/content/p...', Array)
#5 C:\xampp\htdocs\club\system\CodeIgniter.php(825): App\Controllers\User->profile()
#6 C:\xampp\htdocs\club\system\CodeIgniter.php(412): CodeIgniter\CodeIgniter->runController(Object(App\Controllers\User))
#7 C:\xampp\htdocs\club\system\CodeIgniter.php(320): CodeIgniter\CodeIgniter->handleRequest(NULL, Object(Config\Cache), false)
#8 C:\xampp\htdocs\club\index.php(37): CodeIgniter\CodeIgniter->run()
#9 {main}
CRITICAL - 2022-01-19 00:01:04 --> Argument 2 passed to form_input() must be of the type string, null given, called in C:\xampp\htdocs\club\app\Views\users\content\profile.php on line 28
#0 C:\xampp\htdocs\club\app\Views\users\content\profile.php(28): form_input('first_name', NULL, Array)
#1 C:\xampp\htdocs\club\system\View\View.php(210): include('C:\\xampp\\htdocs...')
#2 C:\xampp\htdocs\club\system\View\View.php(213): CodeIgniter\View\View->CodeIgniter\View\{closure}()
#3 C:\xampp\htdocs\club\system\Common.php(1089): CodeIgniter\View\View->render('users/content/p...', Array, true)
#4 C:\xampp\htdocs\club\app\Controllers\User.php(314): view('users/content/p...', Array)
#5 C:\xampp\htdocs\club\system\CodeIgniter.php(825): App\Controllers\User->profile()
#6 C:\xampp\htdocs\club\system\CodeIgniter.php(412): CodeIgniter\CodeIgniter->runController(Object(App\Controllers\User))
#7 C:\xampp\htdocs\club\system\CodeIgniter.php(320): CodeIgniter\CodeIgniter->handleRequest(NULL, Object(Config\Cache), false)
#8 C:\xampp\htdocs\club\index.php(37): CodeIgniter\CodeIgniter->run()
#9 {main}
CRITICAL - 2022-01-19 00:02:02 --> Argument 2 passed to form_input() must be of the type string, null given, called in C:\xampp\htdocs\club\app\Views\users\content\profile.php on line 90
#0 C:\xampp\htdocs\club\app\Views\users\content\profile.php(90): form_input('hobbies', NULL, Array)
#1 C:\xampp\htdocs\club\system\View\View.php(210): include('C:\\xampp\\htdocs...')
#2 C:\xampp\htdocs\club\system\View\View.php(213): CodeIgniter\View\View->CodeIgniter\View\{closure}()
#3 C:\xampp\htdocs\club\system\Common.php(1089): CodeIgniter\View\View->render('users/content/p...', Array, true)
#4 C:\xampp\htdocs\club\app\Controllers\User.php(314): view('users/content/p...', Array)
#5 C:\xampp\htdocs\club\system\CodeIgniter.php(825): App\Controllers\User->profile()
#6 C:\xampp\htdocs\club\system\CodeIgniter.php(412): CodeIgniter\CodeIgniter->runController(Object(App\Controllers\User))
#7 C:\xampp\htdocs\club\system\CodeIgniter.php(320): CodeIgniter\CodeIgniter->handleRequest(NULL, Object(Config\Cache), false)
#8 C:\xampp\htdocs\club\index.php(37): CodeIgniter\CodeIgniter->run()
#9 {main}
ERROR - 2022-01-19 00:24:21 --> You have an error in your SQL syntax; check the manual that corresponds to your MariaDB server version for the right syntax to use near ':0:
AND 1 = :1:
AND `users`.`u_delete` IS NULL' at line 3
CRITICAL - 2022-01-19 00:24:21 --> You have an error in your SQL syntax; check the manual that corresponds to your MariaDB server version for the right syntax to use near ':0:
AND 1 = :1:
AND `users`.`u_delete` IS NULL' at line 3
#0 C:\xampp\htdocs\club\system\Database\MySQLi\Connection.php(292): mysqli->query('SELECT *\nFROM `...', 0)
#1 C:\xampp\htdocs\club\system\Database\BaseConnection.php(670): CodeIgniter\Database\MySQLi\Connection->execute('SELECT *\nFROM `...')
#2 C:\xampp\htdocs\club\system\Database\BaseConnection.php(598): CodeIgniter\Database\BaseConnection->simpleQuery('SELECT *\nFROM `...')
#3 C:\xampp\htdocs\club\system\Database\BaseBuilder.php(1455): CodeIgniter\Database\BaseConnection->query('SELECT *\nFROM `...', Array, false)
#4 C:\xampp\htdocs\club\system\Model.php(183): CodeIgniter\Database\BaseBuilder->get()
#5 C:\xampp\htdocs\club\system\BaseModel.php(584): CodeIgniter\Model->doFindAll(0, 0)
#6 C:\xampp\htdocs\club\app\Controllers\User.php(441): CodeIgniter\BaseModel->findAll()
#7 C:\xampp\htdocs\club\system\CodeIgniter.php(825): App\Controllers\User->updateprofile()
#8 C:\xampp\htdocs\club\system\CodeIgniter.php(412): CodeIgniter\CodeIgniter->runController(Object(App\Controllers\User))
#9 C:\xampp\htdocs\club\system\CodeIgniter.php(320): CodeIgniter\CodeIgniter->handleRequest(NULL, Object(Config\Cache), false)
#10 C:\xampp\htdocs\club\index.php(37): CodeIgniter\CodeIgniter->run()
#11 {main}
ERROR - 2022-01-19 00:24:52 --> You have an error in your SQL syntax; check the manual that corresponds to your MariaDB server version for the right syntax to use near ':0:
AND 1 = :1:
AND `users`.`u_delete` IS NULL' at line 3
CRITICAL - 2022-01-19 00:24:52 --> You have an error in your SQL syntax; check the manual that corresponds to your MariaDB server version for the right syntax to use near ':0:
AND 1 = :1:
AND `users`.`u_delete` IS NULL' at line 3
#0 C:\xampp\htdocs\club\system\Database\MySQLi\Connection.php(292): mysqli->query('SELECT *\nFROM `...', 0)
#1 C:\xampp\htdocs\club\system\Database\BaseConnection.php(670): CodeIgniter\Database\MySQLi\Connection->execute('SELECT *\nFROM `...')
#2 C:\xampp\htdocs\club\system\Database\BaseConnection.php(598): CodeIgniter\Database\BaseConnection->simpleQuery('SELECT *\nFROM `...')
#3 C:\xampp\htdocs\club\system\Database\BaseBuilder.php(1455): CodeIgniter\Database\BaseConnection->query('SELECT *\nFROM `...', Array, false)
#4 C:\xampp\htdocs\club\system\Model.php(183): CodeIgniter\Database\BaseBuilder->get()
#5 C:\xampp\htdocs\club\system\BaseModel.php(584): CodeIgniter\Model->doFindAll(0, 0)
#6 C:\xampp\htdocs\club\app\Controllers\User.php(441): CodeIgniter\BaseModel->findAll()
#7 C:\xampp\htdocs\club\system\CodeIgniter.php(825): App\Controllers\User->updateprofile()
#8 C:\xampp\htdocs\club\system\CodeIgniter.php(412): CodeIgniter\CodeIgniter->runController(Object(App\Controllers\User))
#9 C:\xampp\htdocs\club\system\CodeIgniter.php(320): CodeIgniter\CodeIgniter->handleRequest(NULL, Object(Config\Cache), false)
#10 C:\xampp\htdocs\club\index.php(37): CodeIgniter\CodeIgniter->run()
#11 {main}
ERROR - 2022-01-19 00:25:26 --> You have an error in your SQL syntax; check the manual that corresponds to your MariaDB server version for the right syntax to use near ':0:
AND 1 = :1:
AND `users`.`u_delete` IS NULL' at line 3
CRITICAL - 2022-01-19 00:25:26 --> You have an error in your SQL syntax; check the manual that corresponds to your MariaDB server version for the right syntax to use near ':0:
AND 1 = :1:
AND `users`.`u_delete` IS NULL' at line 3
#0 C:\xampp\htdocs\club\system\Database\MySQLi\Connection.php(292): mysqli->query('SELECT *\nFROM `...', 0)
#1 C:\xampp\htdocs\club\system\Database\BaseConnection.php(670): CodeIgniter\Database\MySQLi\Connection->execute('SELECT *\nFROM `...')
#2 C:\xampp\htdocs\club\system\Database\BaseConnection.php(598): CodeIgniter\Database\BaseConnection->simpleQuery('SELECT *\nFROM `...')
#3 C:\xampp\htdocs\club\system\Database\BaseBuilder.php(1455): CodeIgniter\Database\BaseConnection->query('SELECT *\nFROM `...', Array, false)
#4 C:\xampp\htdocs\club\system\Model.php(183): CodeIgniter\Database\BaseBuilder->get()
#5 C:\xampp\htdocs\club\system\BaseModel.php(584): CodeIgniter\Model->doFindAll(0, 0)
#6 C:\xampp\htdocs\club\app\Controllers\User.php(441): CodeIgniter\BaseModel->findAll()
#7 C:\xampp\htdocs\club\system\CodeIgniter.php(825): App\Controllers\User->updateprofile()
#8 C:\xampp\htdocs\club\system\CodeIgniter.php(412): CodeIgniter\CodeIgniter->runController(Object(App\Controllers\User))
#9 C:\xampp\htdocs\club\system\CodeIgniter.php(320): CodeIgniter\CodeIgniter->handleRequest(NULL, Object(Config\Cache), false)
#10 C:\xampp\htdocs\club\index.php(37): CodeIgniter\CodeIgniter->run()
#11 {main}
CRITICAL - 2022-01-19 00:25:34 --> Uncaught ErrorException: Array to string conversion in C:\xampp\htdocs\club\app\Controllers\User.php:440
Stack trace:
#0 C:\xampp\htdocs\club\app\Controllers\User.php(440): CodeIgniter\Debug\Exceptions->errorHandler(8, 'Array to string...', 'C:\\xampp\\htdocs...', 440, Array)
#1 C:\xampp\htdocs\club\system\CodeIgniter.php(825): App\Controllers\User->updateprofile()
#2 C:\xampp\htdocs\club\system\CodeIgniter.php(412): CodeIgniter\CodeIgniter->runController(Object(App\Controllers\User))
#3 C:\xampp\htdocs\club\system\CodeIgniter.php(320): CodeIgniter\CodeIgniter->handleRequest(NULL, Object(Config\Cache), false)
#4 C:\xampp\htdocs\club\index.php(37): CodeIgniter\CodeIgniter->run()
#5 {main}
  thrown
#0 [internal function]: CodeIgniter\Debug\Exceptions->shutdownHandler()
#1 {main}
CRITICAL - 2022-01-19 00:25:43 --> Uncaught ErrorException: Array to string conversion in C:\xampp\htdocs\club\app\Controllers\User.php:440
Stack trace:
#0 C:\xampp\htdocs\club\app\Controllers\User.php(440): CodeIgniter\Debug\Exceptions->errorHandler(8, 'Array to string...', 'C:\\xampp\\htdocs...', 440, Array)
#1 C:\xampp\htdocs\club\system\CodeIgniter.php(825): App\Controllers\User->updateprofile()
#2 C:\xampp\htdocs\club\system\CodeIgniter.php(412): CodeIgniter\CodeIgniter->runController(Object(App\Controllers\User))
#3 C:\xampp\htdocs\club\system\CodeIgniter.php(320): CodeIgniter\CodeIgniter->handleRequest(NULL, Object(Config\Cache), false)
#4 C:\xampp\htdocs\club\index.php(37): CodeIgniter\CodeIgniter->run()
#5 {main}
  thrown
#0 [internal function]: CodeIgniter\Debug\Exceptions->shutdownHandler()
#1 {main}
CRITICAL - 2022-01-19 00:27:30 --> Uncaught ErrorException: Array to string conversion in C:\xampp\htdocs\club\app\Controllers\User.php:440
Stack trace:
#0 C:\xampp\htdocs\club\app\Controllers\User.php(440): CodeIgniter\Debug\Exceptions->errorHandler(8, 'Array to string...', 'C:\\xampp\\htdocs...', 440, Array)
#1 C:\xampp\htdocs\club\system\CodeIgniter.php(825): App\Controllers\User->updateprofile()
#2 C:\xampp\htdocs\club\system\CodeIgniter.php(412): CodeIgniter\CodeIgniter->runController(Object(App\Controllers\User))
#3 C:\xampp\htdocs\club\system\CodeIgniter.php(320): CodeIgniter\CodeIgniter->handleRequest(NULL, Object(Config\Cache), false)
#4 C:\xampp\htdocs\club\index.php(37): CodeIgniter\CodeIgniter->run()
#5 {main}
  thrown
#0 [internal function]: CodeIgniter\Debug\Exceptions->shutdownHandler()
#1 {main}
CRITICAL - 2022-01-19 00:28:11 --> Uncaught ErrorException: Undefined variable: newUser in C:\xampp\htdocs\club\app\Controllers\User.php:434
Stack trace:
#0 C:\xampp\htdocs\club\app\Controllers\User.php(434): CodeIgniter\Debug\Exceptions->errorHandler(8, 'Undefined varia...', 'C:\\xampp\\htdocs...', 434, Array)
#1 C:\xampp\htdocs\club\system\CodeIgniter.php(825): App\Controllers\User->updateprofile()
#2 C:\xampp\htdocs\club\system\CodeIgniter.php(412): CodeIgniter\CodeIgniter->runController(Object(App\Controllers\User))
#3 C:\xampp\htdocs\club\system\CodeIgniter.php(320): CodeIgniter\CodeIgniter->handleRequest(NULL, Object(Config\Cache), false)
#4 C:\xampp\htdocs\club\index.php(37): CodeIgniter\CodeIgniter->run()
#5 {main}
  thrown
#0 [internal function]: CodeIgniter\Debug\Exceptions->shutdownHandler()
#1 {main}
CRITICAL - 2022-01-19 00:28:22 --> Undefined variable: newUser
#0 C:\xampp\htdocs\club\app\Controllers\User.php(434): CodeIgniter\Debug\Exceptions->errorHandler(8, 'Undefined varia...', 'C:\\xampp\\htdocs...', 434, Array)
#1 C:\xampp\htdocs\club\system\CodeIgniter.php(825): App\Controllers\User->updateprofile()
#2 C:\xampp\htdocs\club\system\CodeIgniter.php(412): CodeIgniter\CodeIgniter->runController(Object(App\Controllers\User))
#3 C:\xampp\htdocs\club\system\CodeIgniter.php(320): CodeIgniter\CodeIgniter->handleRequest(NULL, Object(Config\Cache), false)
#4 C:\xampp\htdocs\club\index.php(37): CodeIgniter\CodeIgniter->run()
#5 {main}
ERROR - 2022-01-19 00:28:58 --> You have an error in your SQL syntax; check the manual that corresponds to your MariaDB server version for the right syntax to use near ':0:
AND 1 = :1:
AND `users`.`u_delete` IS NULL' at line 3
CRITICAL - 2022-01-19 00:28:58 --> You have an error in your SQL syntax; check the manual that corresponds to your MariaDB server version for the right syntax to use near ':0:
AND 1 = :1:
AND `users`.`u_delete` IS NULL' at line 3
#0 C:\xampp\htdocs\club\system\Database\MySQLi\Connection.php(292): mysqli->query('SELECT *\nFROM `...', 0)
#1 C:\xampp\htdocs\club\system\Database\BaseConnection.php(670): CodeIgniter\Database\MySQLi\Connection->execute('SELECT *\nFROM `...')
#2 C:\xampp\htdocs\club\system\Database\BaseConnection.php(598): CodeIgniter\Database\BaseConnection->simpleQuery('SELECT *\nFROM `...')
#3 C:\xampp\htdocs\club\system\Database\BaseBuilder.php(1455): CodeIgniter\Database\BaseConnection->query('SELECT *\nFROM `...', Array, false)
#4 C:\xampp\htdocs\club\system\Model.php(183): CodeIgniter\Database\BaseBuilder->get()
#5 C:\xampp\htdocs\club\system\BaseModel.php(584): CodeIgniter\Model->doFindAll(0, 0)
#6 C:\xampp\htdocs\club\app\Controllers\User.php(442): CodeIgniter\BaseModel->findAll()
#7 C:\xampp\htdocs\club\system\CodeIgniter.php(825): App\Controllers\User->updateprofile()
#8 C:\xampp\htdocs\club\system\CodeIgniter.php(412): CodeIgniter\CodeIgniter->runController(Object(App\Controllers\User))
#9 C:\xampp\htdocs\club\system\CodeIgniter.php(320): CodeIgniter\CodeIgniter->handleRequest(NULL, Object(Config\Cache), false)
#10 C:\xampp\htdocs\club\index.php(37): CodeIgniter\CodeIgniter->run()
#11 {main}
CRITICAL - 2022-01-19 01:18:12 --> Class 'App\Models\ModUserPlans' not found
#0 C:\xampp\htdocs\club\system\CodeIgniter.php(825): App\Controllers\Admin->index()
#1 C:\xampp\htdocs\club\system\CodeIgniter.php(412): CodeIgniter\CodeIgniter->runController(Object(App\Controllers\Admin))
#2 C:\xampp\htdocs\club\system\CodeIgniter.php(320): CodeIgniter\CodeIgniter->handleRequest(NULL, Object(Config\Cache), false)
#3 C:\xampp\htdocs\club\index.php(37): CodeIgniter\CodeIgniter->run()
#4 {main}
CRITICAL - 2022-01-19 01:18:43 --> Invalid file: css/bootstrapSelect.php
#0 C:\xampp\htdocs\club\system\View\View.php(198): CodeIgniter\Exceptions\FrameworkException::forInvalidFile('css/bootstrapSe...')
#1 C:\xampp\htdocs\club\system\Common.php(1089): CodeIgniter\View\View->render('css/bootstrapSe...', Array, true)
#2 C:\xampp\htdocs\club\app\Controllers\Admin.php(424): view('css/bootstrapSe...')
#3 C:\xampp\htdocs\club\system\CodeIgniter.php(825): App\Controllers\Admin->users()
#4 C:\xampp\htdocs\club\system\CodeIgniter.php(412): CodeIgniter\CodeIgniter->runController(Object(App\Controllers\Admin))
#5 C:\xampp\htdocs\club\system\CodeIgniter.php(320): CodeIgniter\CodeIgniter->handleRequest(NULL, Object(Config\Cache), false)
#6 C:\xampp\htdocs\club\index.php(37): CodeIgniter\CodeIgniter->run()
#7 {main}
CRITICAL - 2022-01-19 01:20:04 --> Undefined index: u_ref_id
#0 C:\xampp\htdocs\club\app\Views\admin\content\users.php(35): CodeIgniter\Debug\Exceptions->errorHandler(8, 'Undefined index...', 'C:\\xampp\\htdocs...', 35, Array)
#1 C:\xampp\htdocs\club\system\View\View.php(210): include('C:\\xampp\\htdocs...')
#2 C:\xampp\htdocs\club\system\View\View.php(213): CodeIgniter\View\View->CodeIgniter\View\{closure}()
#3 C:\xampp\htdocs\club\system\Common.php(1089): CodeIgniter\View\View->render('admin/content/u...', Array, true)
#4 C:\xampp\htdocs\club\app\Controllers\Admin.php(427): view('admin/content/u...', Array)
#5 C:\xampp\htdocs\club\system\CodeIgniter.php(825): App\Controllers\Admin->users()
#6 C:\xampp\htdocs\club\system\CodeIgniter.php(412): CodeIgniter\CodeIgniter->runController(Object(App\Controllers\Admin))
#7 C:\xampp\htdocs\club\system\CodeIgniter.php(320): CodeIgniter\CodeIgniter->handleRequest(NULL, Object(Config\Cache), false)
#8 C:\xampp\htdocs\club\index.php(37): CodeIgniter\CodeIgniter->run()
#9 {main}
CRITICAL - 2022-01-19 01:21:21 --> Undefined index: u_ref_id
#0 C:\xampp\htdocs\club\app\Views\admin\content\users.php(35): CodeIgniter\Debug\Exceptions->errorHandler(8, 'Undefined index...', 'C:\\xampp\\htdocs...', 35, Array)
#1 C:\xampp\htdocs\club\system\View\View.php(210): include('C:\\xampp\\htdocs...')
#2 C:\xampp\htdocs\club\system\View\View.php(213): CodeIgniter\View\View->CodeIgniter\View\{closure}()
#3 C:\xampp\htdocs\club\system\Common.php(1089): CodeIgniter\View\View->render('admin/content/u...', Array, true)
#4 C:\xampp\htdocs\club\app\Controllers\Admin.php(427): view('admin/content/u...', Array)
#5 C:\xampp\htdocs\club\system\CodeIgniter.php(825): App\Controllers\Admin->users()
#6 C:\xampp\htdocs\club\system\CodeIgniter.php(412): CodeIgniter\CodeIgniter->runController(Object(App\Controllers\Admin))
#7 C:\xampp\htdocs\club\system\CodeIgniter.php(320): CodeIgniter\CodeIgniter->handleRequest(NULL, Object(Config\Cache), false)
#8 C:\xampp\htdocs\club\index.php(37): CodeIgniter\CodeIgniter->run()
#9 {main}
CRITICAL - 2022-01-19 01:21:51 --> Undefined index: u_ref_id
#0 C:\xampp\htdocs\club\app\Views\admin\content\users.php(35): CodeIgniter\Debug\Exceptions->errorHandler(8, 'Undefined index...', 'C:\\xampp\\htdocs...', 35, Array)
#1 C:\xampp\htdocs\club\system\View\View.php(210): include('C:\\xampp\\htdocs...')
#2 C:\xampp\htdocs\club\system\View\View.php(213): CodeIgniter\View\View->CodeIgniter\View\{closure}()
#3 C:\xampp\htdocs\club\system\Common.php(1089): CodeIgniter\View\View->render('admin/content/u...', Array, true)
#4 C:\xampp\htdocs\club\app\Controllers\Admin.php(427): view('admin/content/u...', Array)
#5 C:\xampp\htdocs\club\system\CodeIgniter.php(825): App\Controllers\Admin->users()
#6 C:\xampp\htdocs\club\system\CodeIgniter.php(412): CodeIgniter\CodeIgniter->runController(Object(App\Controllers\Admin))
#7 C:\xampp\htdocs\club\system\CodeIgniter.php(320): CodeIgniter\CodeIgniter->handleRequest(NULL, Object(Config\Cache), false)
#8 C:\xampp\htdocs\club\index.php(37): CodeIgniter\CodeIgniter->run()
#9 {main}
CRITICAL - 2022-01-19 01:22:12 --> Undefined index: u_ref_id
#0 C:\xampp\htdocs\club\app\Views\admin\content\users.php(145): CodeIgniter\Debug\Exceptions->errorHandler(8, 'Undefined index...', 'C:\\xampp\\htdocs...', 145, Array)
#1 C:\xampp\htdocs\club\system\View\View.php(210): include('C:\\xampp\\htdocs...')
#2 C:\xampp\htdocs\club\system\View\View.php(213): CodeIgniter\View\View->CodeIgniter\View\{closure}()
#3 C:\xampp\htdocs\club\system\Common.php(1089): CodeIgniter\View\View->render('admin/content/u...', Array, true)
#4 C:\xampp\htdocs\club\app\Controllers\Admin.php(427): view('admin/content/u...', Array)
#5 C:\xampp\htdocs\club\system\CodeIgniter.php(825): App\Controllers\Admin->users()
#6 C:\xampp\htdocs\club\system\CodeIgniter.php(412): CodeIgniter\CodeIgniter->runController(Object(App\Controllers\Admin))
#7 C:\xampp\htdocs\club\system\CodeIgniter.php(320): CodeIgniter\CodeIgniter->handleRequest(NULL, Object(Config\Cache), false)
#8 C:\xampp\htdocs\club\index.php(37): CodeIgniter\CodeIgniter->run()
#9 {main}
CRITICAL - 2022-01-19 01:22:24 --> Undefined index: u_perfect
#0 C:\xampp\htdocs\club\app\Views\admin\content\users.php(151): CodeIgniter\Debug\Exceptions->errorHandler(8, 'Undefined index...', 'C:\\xampp\\htdocs...', 151, Array)
#1 C:\xampp\htdocs\club\system\View\View.php(210): include('C:\\xampp\\htdocs...')
#2 C:\xampp\htdocs\club\system\View\View.php(213): CodeIgniter\View\View->CodeIgniter\View\{closure}()
#3 C:\xampp\htdocs\club\system\Common.php(1089): CodeIgniter\View\View->render('admin/content/u...', Array, true)
#4 C:\xampp\htdocs\club\app\Controllers\Admin.php(427): view('admin/content/u...', Array)
#5 C:\xampp\htdocs\club\system\CodeIgniter.php(825): App\Controllers\Admin->users()
#6 C:\xampp\htdocs\club\system\CodeIgniter.php(412): CodeIgniter\CodeIgniter->runController(Object(App\Controllers\Admin))
#7 C:\xampp\htdocs\club\system\CodeIgniter.php(320): CodeIgniter\CodeIgniter->handleRequest(NULL, Object(Config\Cache), false)
#8 C:\xampp\htdocs\club\index.php(37): CodeIgniter\CodeIgniter->run()
#9 {main}
CRITICAL - 2022-01-19 01:29:22 --> Undefined index: u_who_refer
#0 C:\xampp\htdocs\club\app\Views\admin\content\editUser.php(53): CodeIgniter\Debug\Exceptions->errorHandler(8, 'Undefined index...', 'C:\\xampp\\htdocs...', 53, Array)
#1 C:\xampp\htdocs\club\system\View\View.php(210): include('C:\\xampp\\htdocs...')
#2 C:\xampp\htdocs\club\system\View\View.php(213): CodeIgniter\View\View->CodeIgniter\View\{closure}()
#3 C:\xampp\htdocs\club\system\Common.php(1089): CodeIgniter\View\View->render('admin/content/e...', Array, true)
#4 C:\xampp\htdocs\club\app\Controllers\Admin.php(4375): view('admin/content/e...', Array)
#5 C:\xampp\htdocs\club\system\CodeIgniter.php(825): App\Controllers\Admin->editUser('8')
#6 C:\xampp\htdocs\club\system\CodeIgniter.php(412): CodeIgniter\CodeIgniter->runController(Object(App\Controllers\Admin))
#7 C:\xampp\htdocs\club\system\CodeIgniter.php(320): CodeIgniter\CodeIgniter->handleRequest(NULL, Object(Config\Cache), false)
#8 C:\xampp\htdocs\club\index.php(37): CodeIgniter\CodeIgniter->run()
#9 {main}
CRITICAL - 2022-01-19 01:31:04 --> Undefined index: u_who_refer
#0 C:\xampp\htdocs\club\app\Views\admin\content\editUser.php(53): CodeIgniter\Debug\Exceptions->errorHandler(8, 'Undefined index...', 'C:\\xampp\\htdocs...', 53, Array)
#1 C:\xampp\htdocs\club\system\View\View.php(210): include('C:\\xampp\\htdocs...')
#2 C:\xampp\htdocs\club\system\View\View.php(213): CodeIgniter\View\View->CodeIgniter\View\{closure}()
#3 C:\xampp\htdocs\club\system\Common.php(1089): CodeIgniter\View\View->render('admin/content/e...', Array, true)
#4 C:\xampp\htdocs\club\app\Controllers\Admin.php(4380): view('admin/content/e...', Array)
#5 C:\xampp\htdocs\club\system\CodeIgniter.php(825): App\Controllers\Admin->editUser('8')
#6 C:\xampp\htdocs\club\system\CodeIgniter.php(412): CodeIgniter\CodeIgniter->runController(Object(App\Controllers\Admin))
#7 C:\xampp\htdocs\club\system\CodeIgniter.php(320): CodeIgniter\CodeIgniter->handleRequest(NULL, Object(Config\Cache), false)
#8 C:\xampp\htdocs\club\index.php(37): CodeIgniter\CodeIgniter->run()
#9 {main}
CRITICAL - 2022-01-19 01:36:45 --> Undefined index: u_who_refer
#0 C:\xampp\htdocs\club\app\Views\admin\content\editUser.php(53): CodeIgniter\Debug\Exceptions->errorHandler(8, 'Undefined index...', 'C:\\xampp\\htdocs...', 53, Array)
#1 C:\xampp\htdocs\club\system\View\View.php(210): include('C:\\xampp\\htdocs...')
#2 C:\xampp\htdocs\club\system\View\View.php(213): CodeIgniter\View\View->CodeIgniter\View\{closure}()
#3 C:\xampp\htdocs\club\system\Common.php(1089): CodeIgniter\View\View->render('admin/content/e...', Array, true)
#4 C:\xampp\htdocs\club\app\Controllers\Admin.php(4380): view('admin/content/e...', Array)
#5 C:\xampp\htdocs\club\system\CodeIgniter.php(825): App\Controllers\Admin->editUser('8')
#6 C:\xampp\htdocs\club\system\CodeIgniter.php(412): CodeIgniter\CodeIgniter->runController(Object(App\Controllers\Admin))
#7 C:\xampp\htdocs\club\system\CodeIgniter.php(320): CodeIgniter\CodeIgniter->handleRequest(NULL, Object(Config\Cache), false)
#8 C:\xampp\htdocs\club\index.php(37): CodeIgniter\CodeIgniter->run()
#9 {main}
CRITICAL - 2022-01-19 01:38:05 --> Undefined index: u_nic
#0 C:\xampp\htdocs\club\app\Views\admin\content\editUser.php(95): CodeIgniter\Debug\Exceptions->errorHandler(8, 'Undefined index...', 'C:\\xampp\\htdocs...', 95, Array)
#1 C:\xampp\htdocs\club\system\View\View.php(210): include('C:\\xampp\\htdocs...')
#2 C:\xampp\htdocs\club\system\View\View.php(213): CodeIgniter\View\View->CodeIgniter\View\{closure}()
#3 C:\xampp\htdocs\club\system\Common.php(1089): CodeIgniter\View\View->render('admin/content/e...', Array, true)
#4 C:\xampp\htdocs\club\app\Controllers\Admin.php(169): view('admin/content/e...', Array)
#5 C:\xampp\htdocs\club\system\CodeIgniter.php(825): App\Controllers\Admin->editUser('8')
#6 C:\xampp\htdocs\club\system\CodeIgniter.php(412): CodeIgniter\CodeIgniter->runController(Object(App\Controllers\Admin))
#7 C:\xampp\htdocs\club\system\CodeIgniter.php(320): CodeIgniter\CodeIgniter->handleRequest(NULL, Object(Config\Cache), false)
#8 C:\xampp\htdocs\club\index.php(37): CodeIgniter\CodeIgniter->run()
#9 {main}
CRITICAL - 2022-01-19 01:38:19 --> Undefined index: u_perfect
#0 C:\xampp\htdocs\club\app\Views\admin\content\editUser.php(106): CodeIgniter\Debug\Exceptions->errorHandler(8, 'Undefined index...', 'C:\\xampp\\htdocs...', 106, Array)
#1 C:\xampp\htdocs\club\system\View\View.php(210): include('C:\\xampp\\htdocs...')
#2 C:\xampp\htdocs\club\system\View\View.php(213): CodeIgniter\View\View->CodeIgniter\View\{closure}()
#3 C:\xampp\htdocs\club\system\Common.php(1089): CodeIgniter\View\View->render('admin/content/e...', Array, true)
#4 C:\xampp\htdocs\club\app\Controllers\Admin.php(169): view('admin/content/e...', Array)
#5 C:\xampp\htdocs\club\system\CodeIgniter.php(825): App\Controllers\Admin->editUser('8')
#6 C:\xampp\htdocs\club\system\CodeIgniter.php(412): CodeIgniter\CodeIgniter->runController(Object(App\Controllers\Admin))
#7 C:\xampp\htdocs\club\system\CodeIgniter.php(320): CodeIgniter\CodeIgniter->handleRequest(NULL, Object(Config\Cache), false)
#8 C:\xampp\htdocs\club\index.php(37): CodeIgniter\CodeIgniter->run()
#9 {main}
CRITICAL - 2022-01-19 01:38:31 --> Undefined index: u_pin
#0 C:\xampp\htdocs\club\app\Views\admin\content\editUser.php(137): CodeIgniter\Debug\Exceptions->errorHandler(8, 'Undefined index...', 'C:\\xampp\\htdocs...', 137, Array)
#1 C:\xampp\htdocs\club\system\View\View.php(210): include('C:\\xampp\\htdocs...')
#2 C:\xampp\htdocs\club\system\View\View.php(213): CodeIgniter\View\View->CodeIgniter\View\{closure}()
#3 C:\xampp\htdocs\club\system\Common.php(1089): CodeIgniter\View\View->render('admin/content/e...', Array, true)
#4 C:\xampp\htdocs\club\app\Controllers\Admin.php(169): view('admin/content/e...', Array)
#5 C:\xampp\htdocs\club\system\CodeIgniter.php(825): App\Controllers\Admin->editUser('8')
#6 C:\xampp\htdocs\club\system\CodeIgniter.php(412): CodeIgniter\CodeIgniter->runController(Object(App\Controllers\Admin))
#7 C:\xampp\htdocs\club\system\CodeIgniter.php(320): CodeIgniter\CodeIgniter->handleRequest(NULL, Object(Config\Cache), false)
#8 C:\xampp\htdocs\club\index.php(37): CodeIgniter\CodeIgniter->run()
#9 {main}
CRITICAL - 2022-01-19 01:46:10 --> Undefined variable: userData
#0 C:\xampp\htdocs\club\app\Views\admin\content\editUser.php(47): CodeIgniter\Debug\Exceptions->errorHandler(8, 'Undefined varia...', 'C:\\xampp\\htdocs...', 47, Array)
#1 C:\xampp\htdocs\club\system\View\View.php(210): include('C:\\xampp\\htdocs...')
#2 C:\xampp\htdocs\club\system\View\View.php(213): CodeIgniter\View\View->CodeIgniter\View\{closure}()
#3 C:\xampp\htdocs\club\system\Common.php(1089): CodeIgniter\View\View->render('admin/content/e...', Array, true)
#4 C:\xampp\htdocs\club\app\Controllers\Admin.php(169): view('admin/content/e...', Array)
#5 C:\xampp\htdocs\club\system\CodeIgniter.php(825): App\Controllers\Admin->editUser('8')
#6 C:\xampp\htdocs\club\system\CodeIgniter.php(412): CodeIgniter\CodeIgniter->runController(Object(App\Controllers\Admin))
#7 C:\xampp\htdocs\club\system\CodeIgniter.php(320): CodeIgniter\CodeIgniter->handleRequest(NULL, Object(Config\Cache), false)
#8 C:\xampp\htdocs\club\index.php(37): CodeIgniter\CodeIgniter->run()
#9 {main}
CRITICAL - 2022-01-19 02:00:55 --> Undefined index: u_ref_id
#0 C:\xampp\htdocs\club\app\Views\admin\content\pendingusers.php(36): CodeIgniter\Debug\Exceptions->errorHandler(8, 'Undefined index...', 'C:\\xampp\\htdocs...', 36, Array)
#1 C:\xampp\htdocs\club\system\View\View.php(210): include('C:\\xampp\\htdocs...')
#2 C:\xampp\htdocs\club\system\View\View.php(213): CodeIgniter\View\View->CodeIgniter\View\{closure}()
#3 C:\xampp\htdocs\club\system\Common.php(1089): CodeIgniter\View\View->render('admin/content/p...', Array, true)
#4 C:\xampp\htdocs\club\app\Controllers\Admin.php(578): view('admin/content/p...', Array)
#5 C:\xampp\htdocs\club\system\CodeIgniter.php(825): App\Controllers\Admin->pendingusers()
#6 C:\xampp\htdocs\club\system\CodeIgniter.php(412): CodeIgniter\CodeIgniter->runController(Object(App\Controllers\Admin))
#7 C:\xampp\htdocs\club\system\CodeIgniter.php(320): CodeIgniter\CodeIgniter->handleRequest(NULL, Object(Config\Cache), false)
#8 C:\xampp\htdocs\club\index.php(37): CodeIgniter\CodeIgniter->run()
#9 {main}
ERROR - 2022-01-19 02:03:01 --> Email: sendWithSmtp throwed fsockopen(): php_network_getaddresses: getaddrinfo failed: No such host is known. 
CRITICAL - 2022-01-19 02:03:03 --> Undefined index: u_ref_id
#0 C:\xampp\htdocs\club\app\Views\admin\content\pendingusers.php(139): CodeIgniter\Debug\Exceptions->errorHandler(8, 'Undefined index...', 'C:\\xampp\\htdocs...', 139, Array)
#1 C:\xampp\htdocs\club\system\View\View.php(210): include('C:\\xampp\\htdocs...')
#2 C:\xampp\htdocs\club\system\View\View.php(213): CodeIgniter\View\View->CodeIgniter\View\{closure}()
#3 C:\xampp\htdocs\club\system\Common.php(1089): CodeIgniter\View\View->render('admin/content/p...', Array, true)
#4 C:\xampp\htdocs\club\app\Controllers\Admin.php(287): view('admin/content/p...', Array)
#5 C:\xampp\htdocs\club\system\CodeIgniter.php(825): App\Controllers\Admin->pendingusers()
#6 C:\xampp\htdocs\club\system\CodeIgniter.php(412): CodeIgniter\CodeIgniter->runController(Object(App\Controllers\Admin))
#7 C:\xampp\htdocs\club\system\CodeIgniter.php(320): CodeIgniter\CodeIgniter->handleRequest(NULL, Object(Config\Cache), false)
#8 C:\xampp\htdocs\club\index.php(37): CodeIgniter\CodeIgniter->run()
#9 {main}
ERROR - 2022-01-19 02:15:01 --> Email: sendWithSmtp throwed fsockopen(): php_network_getaddresses: getaddrinfo failed: No such host is known. 
ERROR - 2022-01-19 02:17:26 --> Email: sendWithSmtp throwed fsockopen(): php_network_getaddresses: getaddrinfo failed: No such host is known. 
CRITICAL - 2022-01-19 02:17:46 --> Undefined index: first_name
#0 C:\xampp\htdocs\club\app\Views\admin\content\allMessage.php(57): CodeIgniter\Debug\Exceptions->errorHandler(8, 'Undefined index...', 'C:\\xampp\\htdocs...', 57, Array)
#1 C:\xampp\htdocs\club\system\View\View.php(210): include('C:\\xampp\\htdocs...')
#2 C:\xampp\htdocs\club\system\View\View.php(213): CodeIgniter\View\View->CodeIgniter\View\{closure}()
#3 C:\xampp\htdocs\club\system\Common.php(1089): CodeIgniter\View\View->render('admin/content/a...', Array, true)
#4 C:\xampp\htdocs\club\app\Controllers\Admin.php(2358): view('admin/content/a...', Array)
#5 C:\xampp\htdocs\club\system\CodeIgniter.php(825): App\Controllers\Admin->queries()
#6 C:\xampp\htdocs\club\system\CodeIgniter.php(412): CodeIgniter\CodeIgniter->runController(Object(App\Controllers\Admin))
#7 C:\xampp\htdocs\club\system\CodeIgniter.php(320): CodeIgniter\CodeIgniter->handleRequest(NULL, Object(Config\Cache), false)
#8 C:\xampp\htdocs\club\index.php(37): CodeIgniter\CodeIgniter->run()
#9 {main}
CRITICAL - 2022-01-19 02:23:44 --> Class 'App\Models\ModUserPlans' not found
#0 C:\xampp\htdocs\club\system\CodeIgniter.php(825): App\Controllers\Admin->index()
#1 C:\xampp\htdocs\club\system\CodeIgniter.php(412): CodeIgniter\CodeIgniter->runController(Object(App\Controllers\Admin))
#2 C:\xampp\htdocs\club\system\CodeIgniter.php(320): CodeIgniter\CodeIgniter->handleRequest(NULL, Object(Config\Cache), false)
#3 C:\xampp\htdocs\club\index.php(37): CodeIgniter\CodeIgniter->run()
#4 {main}
CRITICAL - 2022-01-19 02:32:11 --> Undefined index: fud
#0 C:\xampp\htdocs\club\app\Views\admin\content\users.php(50): CodeIgniter\Debug\Exceptions->errorHandler(8, 'Undefined index...', 'C:\\xampp\\htdocs...', 50, Array)
#1 C:\xampp\htdocs\club\system\View\View.php(210): include('C:\\xampp\\htdocs...')
#2 C:\xampp\htdocs\club\system\View\View.php(213): CodeIgniter\View\View->CodeIgniter\View\{closure}()
#3 C:\xampp\htdocs\club\system\Common.php(1089): CodeIgniter\View\View->render('admin/content/u...', Array, true)
#4 C:\xampp\htdocs\club\app\Controllers\Admin.php(75): view('admin/content/u...', Array)
#5 C:\xampp\htdocs\club\system\CodeIgniter.php(825): App\Controllers\Admin->users()
#6 C:\xampp\htdocs\club\system\CodeIgniter.php(412): CodeIgniter\CodeIgniter->runController(Object(App\Controllers\Admin))
#7 C:\xampp\htdocs\club\system\CodeIgniter.php(320): CodeIgniter\CodeIgniter->handleRequest(NULL, Object(Config\Cache), false)
#8 C:\xampp\htdocs\club\index.php(37): CodeIgniter\CodeIgniter->run()
#9 {main}
CRITICAL - 2022-01-19 03:09:44 --> Undefined index: fud
#0 C:\xampp\htdocs\club\app\Views\admin\content\users.php(50): CodeIgniter\Debug\Exceptions->errorHandler(8, 'Undefined index...', 'C:\\xampp\\htdocs...', 50, Array)
#1 C:\xampp\htdocs\club\system\View\View.php(210): include('C:\\xampp\\htdocs...')
#2 C:\xampp\htdocs\club\system\View\View.php(213): CodeIgniter\View\View->CodeIgniter\View\{closure}()
#3 C:\xampp\htdocs\club\system\Common.php(1089): CodeIgniter\View\View->render('admin/content/u...', Array, true)
#4 C:\xampp\htdocs\club\app\Controllers\Admin.php(75): view('admin/content/u...', Array)
#5 C:\xampp\htdocs\club\system\CodeIgniter.php(825): App\Controllers\Admin->users()
#6 C:\xampp\htdocs\club\system\CodeIgniter.php(412): CodeIgniter\CodeIgniter->runController(Object(App\Controllers\Admin))
#7 C:\xampp\htdocs\club\system\CodeIgniter.php(320): CodeIgniter\CodeIgniter->handleRequest(NULL, Object(Config\Cache), false)
#8 C:\xampp\htdocs\club\index.php(37): CodeIgniter\CodeIgniter->run()
#9 {main}
CRITICAL - 2022-01-19 03:14:57 --> Class 'App\Controllers\ModContact' not found
#0 C:\xampp\htdocs\club\system\CodeIgniter.php(825): App\Controllers\Admin->queries()
#1 C:\xampp\htdocs\club\system\CodeIgniter.php(412): CodeIgniter\CodeIgniter->runController(Object(App\Controllers\Admin))
#2 C:\xampp\htdocs\club\system\CodeIgniter.php(320): CodeIgniter\CodeIgniter->handleRequest(NULL, Object(Config\Cache), false)
#3 C:\xampp\htdocs\club\index.php(37): CodeIgniter\CodeIgniter->run()
#4 {main}
CRITICAL - 2022-01-19 03:27:12 --> Call to undefined function totalUsersCashbox()
#0 C:\xampp\htdocs\club\system\View\View.php(210): include()
#1 C:\xampp\htdocs\club\system\View\View.php(213): CodeIgniter\View\View->CodeIgniter\View\{closure}()
#2 C:\xampp\htdocs\club\system\Common.php(1089): CodeIgniter\View\View->render('admin/content/h...', Array, true)
#3 C:\xampp\htdocs\club\app\Controllers\Admin.php(370): view('admin/content/h...', Array)
#4 C:\xampp\htdocs\club\system\CodeIgniter.php(825): App\Controllers\Admin->index()
#5 C:\xampp\htdocs\club\system\CodeIgniter.php(412): CodeIgniter\CodeIgniter->runController(Object(App\Controllers\Admin))
#6 C:\xampp\htdocs\club\system\CodeIgniter.php(320): CodeIgniter\CodeIgniter->handleRequest(NULL, Object(Config\Cache), false)
#7 C:\xampp\htdocs\club\index.php(37): CodeIgniter\CodeIgniter->run()
#8 {main}
