ERROR - 2024-03-12 04:03:06 --> Unknown column 'st_footer_cotnent' in 'field list'
CRITICAL - 2024-03-12 04:03:06 --> Unknown column 'st_footer_cotnent' in 'field list'
#0 C:\xampp\htdocs\new_project\system\Database\MySQLi\Connection.php(292): mysqli->query('SELECT `st_foot...', 0)
#1 C:\xampp\htdocs\new_project\system\Database\BaseConnection.php(670): CodeIgniter\Database\MySQLi\Connection->execute('SELECT `st_foot...')
#2 C:\xampp\htdocs\new_project\system\Database\BaseConnection.php(598): CodeIgniter\Database\BaseConnection->simpleQuery('SELECT `st_foot...')
#3 C:\xampp\htdocs\new_project\system\Database\BaseBuilder.php(1455): CodeIgniter\Database\BaseConnection->query('SELECT `st_foot...', Array, false)
#4 C:\xampp\htdocs\new_project\app\Helpers\custom_helper.php(637): CodeIgniter\Database\BaseBuilder->get()
#5 C:\xampp\htdocs\new_project\app\Views\footer\footer.php(17): getwebsiteSetting('st_footer_cotne...')
#6 C:\xampp\htdocs\new_project\system\View\View.php(210): include('C:\\xampp\\htdocs...')
#7 C:\xampp\htdocs\new_project\system\View\View.php(213): CodeIgniter\View\View->CodeIgniter\View\{closure}()
#8 C:\xampp\htdocs\new_project\system\Common.php(1089): CodeIgniter\View\View->render('footer/footer', Array, true)
#9 C:\xampp\htdocs\new_project\app\Controllers\Home.php(58): view('footer/footer')
#10 C:\xampp\htdocs\new_project\system\CodeIgniter.php(825): App\Controllers\Home->index()
#11 C:\xampp\htdocs\new_project\system\CodeIgniter.php(412): CodeIgniter\CodeIgniter->runController(Object(App\Controllers\Home))
#12 C:\xampp\htdocs\new_project\system\CodeIgniter.php(320): CodeIgniter\CodeIgniter->handleRequest(NULL, Object(Config\Cache), false)
#13 C:\xampp\htdocs\new_project\index.php(37): CodeIgniter\CodeIgniter->run()
#14 {main}
ERROR - 2024-03-12 04:03:07 --> Unknown column 'st_footer_cotnent' in 'field list'
CRITICAL - 2024-03-12 04:03:07 --> Unknown column 'st_footer_cotnent' in 'field list'
#0 C:\xampp\htdocs\new_project\system\Database\MySQLi\Connection.php(292): mysqli->query('SELECT `st_foot...', 0)
#1 C:\xampp\htdocs\new_project\system\Database\BaseConnection.php(670): CodeIgniter\Database\MySQLi\Connection->execute('SELECT `st_foot...')
#2 C:\xampp\htdocs\new_project\system\Database\BaseConnection.php(598): CodeIgniter\Database\BaseConnection->simpleQuery('SELECT `st_foot...')
#3 C:\xampp\htdocs\new_project\system\Database\BaseBuilder.php(1455): CodeIgniter\Database\BaseConnection->query('SELECT `st_foot...', Array, false)
#4 C:\xampp\htdocs\new_project\app\Helpers\custom_helper.php(637): CodeIgniter\Database\BaseBuilder->get()
#5 C:\xampp\htdocs\new_project\app\Views\footer\footer.php(17): getwebsiteSetting('st_footer_cotne...')
#6 C:\xampp\htdocs\new_project\system\View\View.php(210): include('C:\\xampp\\htdocs...')
#7 C:\xampp\htdocs\new_project\system\View\View.php(213): CodeIgniter\View\View->CodeIgniter\View\{closure}()
#8 C:\xampp\htdocs\new_project\system\Common.php(1089): CodeIgniter\View\View->render('footer/footer', Array, true)
#9 C:\xampp\htdocs\new_project\app\Controllers\Home.php(58): view('footer/footer')
#10 C:\xampp\htdocs\new_project\system\CodeIgniter.php(825): App\Controllers\Home->index()
#11 C:\xampp\htdocs\new_project\system\CodeIgniter.php(412): CodeIgniter\CodeIgniter->runController(Object(App\Controllers\Home))
#12 C:\xampp\htdocs\new_project\system\CodeIgniter.php(320): CodeIgniter\CodeIgniter->handleRequest(NULL, Object(Config\Cache), false)
#13 C:\xampp\htdocs\new_project\index.php(37): CodeIgniter\CodeIgniter->run()
#14 {main}
ERROR - 2024-03-12 04:03:44 --> Unknown column 'st_footer_cotnent' in 'field list'
CRITICAL - 2024-03-12 04:03:44 --> Unknown column 'st_footer_cotnent' in 'field list'
#0 C:\xampp\htdocs\new_project\system\Database\MySQLi\Connection.php(292): mysqli->query('SELECT `st_foot...', 0)
#1 C:\xampp\htdocs\new_project\system\Database\BaseConnection.php(670): CodeIgniter\Database\MySQLi\Connection->execute('SELECT `st_foot...')
#2 C:\xampp\htdocs\new_project\system\Database\BaseConnection.php(598): CodeIgniter\Database\BaseConnection->simpleQuery('SELECT `st_foot...')
#3 C:\xampp\htdocs\new_project\system\Database\BaseBuilder.php(1455): CodeIgniter\Database\BaseConnection->query('SELECT `st_foot...', Array, false)
#4 C:\xampp\htdocs\new_project\app\Helpers\custom_helper.php(637): CodeIgniter\Database\BaseBuilder->get()
#5 C:\xampp\htdocs\new_project\app\Views\footer\footer.php(17): getwebsiteSetting('st_footer_cotne...')
#6 C:\xampp\htdocs\new_project\system\View\View.php(210): include('C:\\xampp\\htdocs...')
#7 C:\xampp\htdocs\new_project\system\View\View.php(213): CodeIgniter\View\View->CodeIgniter\View\{closure}()
#8 C:\xampp\htdocs\new_project\system\Common.php(1089): CodeIgniter\View\View->render('footer/footer', Array, true)
#9 C:\xampp\htdocs\new_project\app\Controllers\Home.php(58): view('footer/footer')
#10 C:\xampp\htdocs\new_project\system\CodeIgniter.php(825): App\Controllers\Home->index()
#11 C:\xampp\htdocs\new_project\system\CodeIgniter.php(412): CodeIgniter\CodeIgniter->runController(Object(App\Controllers\Home))
#12 C:\xampp\htdocs\new_project\system\CodeIgniter.php(320): CodeIgniter\CodeIgniter->handleRequest(NULL, Object(Config\Cache), false)
#13 C:\xampp\htdocs\new_project\index.php(37): CodeIgniter\CodeIgniter->run()
#14 {main}
ERROR - 2024-03-12 04:03:48 --> Unknown column 'st_footer_cotnent' in 'field list'
CRITICAL - 2024-03-12 04:03:48 --> Unknown column 'st_footer_cotnent' in 'field list'
#0 C:\xampp\htdocs\new_project\system\Database\MySQLi\Connection.php(292): mysqli->query('SELECT `st_foot...', 0)
#1 C:\xampp\htdocs\new_project\system\Database\BaseConnection.php(670): CodeIgniter\Database\MySQLi\Connection->execute('SELECT `st_foot...')
#2 C:\xampp\htdocs\new_project\system\Database\BaseConnection.php(598): CodeIgniter\Database\BaseConnection->simpleQuery('SELECT `st_foot...')
#3 C:\xampp\htdocs\new_project\system\Database\BaseBuilder.php(1455): CodeIgniter\Database\BaseConnection->query('SELECT `st_foot...', Array, false)
#4 C:\xampp\htdocs\new_project\app\Helpers\custom_helper.php(637): CodeIgniter\Database\BaseBuilder->get()
#5 C:\xampp\htdocs\new_project\app\Views\footer\footer.php(17): getwebsiteSetting('st_footer_cotne...')
#6 C:\xampp\htdocs\new_project\system\View\View.php(210): include('C:\\xampp\\htdocs...')
#7 C:\xampp\htdocs\new_project\system\View\View.php(213): CodeIgniter\View\View->CodeIgniter\View\{closure}()
#8 C:\xampp\htdocs\new_project\system\Common.php(1089): CodeIgniter\View\View->render('footer/footer', Array, true)
#9 C:\xampp\htdocs\new_project\app\Controllers\Home.php(58): view('footer/footer')
#10 C:\xampp\htdocs\new_project\system\CodeIgniter.php(825): App\Controllers\Home->index()
#11 C:\xampp\htdocs\new_project\system\CodeIgniter.php(412): CodeIgniter\CodeIgniter->runController(Object(App\Controllers\Home))
#12 C:\xampp\htdocs\new_project\system\CodeIgniter.php(320): CodeIgniter\CodeIgniter->handleRequest(NULL, Object(Config\Cache), false)
#13 C:\xampp\htdocs\new_project\index.php(37): CodeIgniter\CodeIgniter->run()
#14 {main}
ERROR - 2024-03-12 04:12:41 --> Unknown column 'st_footer_cotnent' in 'field list'
CRITICAL - 2024-03-12 04:12:41 --> Unknown column 'st_footer_cotnent' in 'field list'
#0 C:\xampp\htdocs\new_project\system\Database\MySQLi\Connection.php(292): mysqli->query('SELECT `st_foot...', 0)
#1 C:\xampp\htdocs\new_project\system\Database\BaseConnection.php(670): CodeIgniter\Database\MySQLi\Connection->execute('SELECT `st_foot...')
#2 C:\xampp\htdocs\new_project\system\Database\BaseConnection.php(598): CodeIgniter\Database\BaseConnection->simpleQuery('SELECT `st_foot...')
#3 C:\xampp\htdocs\new_project\system\Database\BaseBuilder.php(1455): CodeIgniter\Database\BaseConnection->query('SELECT `st_foot...', Array, false)
#4 C:\xampp\htdocs\new_project\app\Helpers\custom_helper.php(637): CodeIgniter\Database\BaseBuilder->get()
#5 C:\xampp\htdocs\new_project\app\Views\footer\footer.php(17): getwebsiteSetting('st_footer_cotne...')
#6 C:\xampp\htdocs\new_project\system\View\View.php(210): include('C:\\xampp\\htdocs...')
#7 C:\xampp\htdocs\new_project\system\View\View.php(213): CodeIgniter\View\View->CodeIgniter\View\{closure}()
#8 C:\xampp\htdocs\new_project\system\Common.php(1089): CodeIgniter\View\View->render('footer/footer', Array, true)
#9 C:\xampp\htdocs\new_project\app\Controllers\Home.php(58): view('footer/footer')
#10 C:\xampp\htdocs\new_project\system\CodeIgniter.php(825): App\Controllers\Home->index()
#11 C:\xampp\htdocs\new_project\system\CodeIgniter.php(412): CodeIgniter\CodeIgniter->runController(Object(App\Controllers\Home))
#12 C:\xampp\htdocs\new_project\system\CodeIgniter.php(320): CodeIgniter\CodeIgniter->handleRequest(NULL, Object(Config\Cache), false)
#13 C:\xampp\htdocs\new_project\index.php(37): CodeIgniter\CodeIgniter->run()
#14 {main}
CRITICAL - 2024-03-12 04:25:16 --> count(): Argument #1 ($value) must be of type Countable|array, null given
#0 C:\xampp\htdocs\new_project\system\View\View.php(210): include()
#1 C:\xampp\htdocs\new_project\system\View\View.php(213): CodeIgniter\View\View->CodeIgniter\View\{closure}()
#2 C:\xampp\htdocs\new_project\system\Common.php(1089): CodeIgniter\View\View->render('js/eventsCalend...', Array, true)
#3 C:\xampp\htdocs\new_project\app\Controllers\Home.php(59): view('js/eventsCalend...', Array)
#4 C:\xampp\htdocs\new_project\system\CodeIgniter.php(825): App\Controllers\Home->index()
#5 C:\xampp\htdocs\new_project\system\CodeIgniter.php(412): CodeIgniter\CodeIgniter->runController(Object(App\Controllers\Home))
#6 C:\xampp\htdocs\new_project\system\CodeIgniter.php(320): CodeIgniter\CodeIgniter->handleRequest(NULL, Object(Config\Cache), false)
#7 C:\xampp\htdocs\new_project\index.php(37): CodeIgniter\CodeIgniter->run()
#8 {main}
CRITICAL - 2024-03-12 04:27:03 --> Undefined variable $data
#0 C:\xampp\htdocs\new_project\app\Views\js\eventsCalendar.php(7): CodeIgniter\Debug\Exceptions->errorHandler(2, 'Undefined varia...', 'C:\\xampp\\htdocs...', 7)
#1 C:\xampp\htdocs\new_project\system\View\View.php(210): include('C:\\xampp\\htdocs...')
#2 C:\xampp\htdocs\new_project\system\View\View.php(213): CodeIgniter\View\View->CodeIgniter\View\{closure}()
#3 C:\xampp\htdocs\new_project\system\Common.php(1089): CodeIgniter\View\View->render('js/eventsCalend...', Array, true)
#4 C:\xampp\htdocs\new_project\app\Controllers\Home.php(59): view('js/eventsCalend...', Array)
#5 C:\xampp\htdocs\new_project\system\CodeIgniter.php(825): App\Controllers\Home->index()
#6 C:\xampp\htdocs\new_project\system\CodeIgniter.php(412): CodeIgniter\CodeIgniter->runController(Object(App\Controllers\Home))
#7 C:\xampp\htdocs\new_project\system\CodeIgniter.php(320): CodeIgniter\CodeIgniter->handleRequest(NULL, Object(Config\Cache), false)
#8 C:\xampp\htdocs\new_project\index.php(37): CodeIgniter\CodeIgniter->run()
#9 {main}
CRITICAL - 2024-03-12 04:28:48 --> Attempt to read property "title" on array
#0 C:\xampp\htdocs\new_project\app\Controllers\Home.php(32): CodeIgniter\Debug\Exceptions->errorHandler(2, 'Attempt to read...', 'C:\\xampp\\htdocs...', 32)
#1 C:\xampp\htdocs\new_project\system\CodeIgniter.php(825): App\Controllers\Home->index()
#2 C:\xampp\htdocs\new_project\system\CodeIgniter.php(412): CodeIgniter\CodeIgniter->runController(Object(App\Controllers\Home))
#3 C:\xampp\htdocs\new_project\system\CodeIgniter.php(320): CodeIgniter\CodeIgniter->handleRequest(NULL, Object(Config\Cache), false)
#4 C:\xampp\htdocs\new_project\index.php(37): CodeIgniter\CodeIgniter->run()
#5 {main}
CRITICAL - 2024-03-12 04:33:15 --> Undefined variable $data
#0 C:\xampp\htdocs\new_project\app\Views\js\eventsCalendar.php(7): CodeIgniter\Debug\Exceptions->errorHandler(2, 'Undefined varia...', 'C:\\xampp\\htdocs...', 7)
#1 C:\xampp\htdocs\new_project\system\View\View.php(210): include('C:\\xampp\\htdocs...')
#2 C:\xampp\htdocs\new_project\system\View\View.php(213): CodeIgniter\View\View->CodeIgniter\View\{closure}()
#3 C:\xampp\htdocs\new_project\system\Common.php(1089): CodeIgniter\View\View->render('js/eventsCalend...', Array, true)
#4 C:\xampp\htdocs\new_project\app\Controllers\Home.php(61): view('js/eventsCalend...', Array)
#5 C:\xampp\htdocs\new_project\system\CodeIgniter.php(825): App\Controllers\Home->index()
#6 C:\xampp\htdocs\new_project\system\CodeIgniter.php(412): CodeIgniter\CodeIgniter->runController(Object(App\Controllers\Home))
#7 C:\xampp\htdocs\new_project\system\CodeIgniter.php(320): CodeIgniter\CodeIgniter->handleRequest(NULL, Object(Config\Cache), false)
#8 C:\xampp\htdocs\new_project\index.php(37): CodeIgniter\CodeIgniter->run()
#9 {main}
CRITICAL - 2024-03-12 04:34:33 --> Undefined variable $data
#0 C:\xampp\htdocs\new_project\app\Views\js\eventsCalendar.php(7): CodeIgniter\Debug\Exceptions->errorHandler(2, 'Undefined varia...', 'C:\\xampp\\htdocs...', 7)
#1 C:\xampp\htdocs\new_project\system\View\View.php(210): include('C:\\xampp\\htdocs...')
#2 C:\xampp\htdocs\new_project\system\View\View.php(213): CodeIgniter\View\View->CodeIgniter\View\{closure}()
#3 C:\xampp\htdocs\new_project\system\Common.php(1089): CodeIgniter\View\View->render('js/eventsCalend...', Array, true)
#4 C:\xampp\htdocs\new_project\app\Controllers\Home.php(65): view('js/eventsCalend...', Array)
#5 C:\xampp\htdocs\new_project\system\CodeIgniter.php(825): App\Controllers\Home->index()
#6 C:\xampp\htdocs\new_project\system\CodeIgniter.php(412): CodeIgniter\CodeIgniter->runController(Object(App\Controllers\Home))
#7 C:\xampp\htdocs\new_project\system\CodeIgniter.php(320): CodeIgniter\CodeIgniter->handleRequest(NULL, Object(Config\Cache), false)
#8 C:\xampp\htdocs\new_project\index.php(37): CodeIgniter\CodeIgniter->run()
#9 {main}
CRITICAL - 2024-03-12 04:35:43 --> Undefined variable $data
#0 C:\xampp\htdocs\new_project\app\Views\js\eventsCalendar.php(7): CodeIgniter\Debug\Exceptions->errorHandler(2, 'Undefined varia...', 'C:\\xampp\\htdocs...', 7)
#1 C:\xampp\htdocs\new_project\system\View\View.php(210): include('C:\\xampp\\htdocs...')
#2 C:\xampp\htdocs\new_project\system\View\View.php(213): CodeIgniter\View\View->CodeIgniter\View\{closure}()
#3 C:\xampp\htdocs\new_project\system\Common.php(1089): CodeIgniter\View\View->render('js/eventsCalend...', Array, true)
#4 C:\xampp\htdocs\new_project\app\Controllers\Home.php(65): view('js/eventsCalend...', Array)
#5 C:\xampp\htdocs\new_project\system\CodeIgniter.php(825): App\Controllers\Home->index()
#6 C:\xampp\htdocs\new_project\system\CodeIgniter.php(412): CodeIgniter\CodeIgniter->runController(Object(App\Controllers\Home))
#7 C:\xampp\htdocs\new_project\system\CodeIgniter.php(320): CodeIgniter\CodeIgniter->handleRequest(NULL, Object(Config\Cache), false)
#8 C:\xampp\htdocs\new_project\index.php(37): CodeIgniter\CodeIgniter->run()
#9 {main}
CRITICAL - 2024-03-12 04:36:24 --> Undefined variable $data
#0 C:\xampp\htdocs\new_project\app\Views\js\eventsCalendar.php(7): CodeIgniter\Debug\Exceptions->errorHandler(2, 'Undefined varia...', 'C:\\xampp\\htdocs...', 7)
#1 C:\xampp\htdocs\new_project\system\View\View.php(210): include('C:\\xampp\\htdocs...')
#2 C:\xampp\htdocs\new_project\system\View\View.php(213): CodeIgniter\View\View->CodeIgniter\View\{closure}()
#3 C:\xampp\htdocs\new_project\system\Common.php(1089): CodeIgniter\View\View->render('js/eventsCalend...', Array, true)
#4 C:\xampp\htdocs\new_project\app\Controllers\Home.php(65): view('js/eventsCalend...', Array)
#5 C:\xampp\htdocs\new_project\system\CodeIgniter.php(825): App\Controllers\Home->index()
#6 C:\xampp\htdocs\new_project\system\CodeIgniter.php(412): CodeIgniter\CodeIgniter->runController(Object(App\Controllers\Home))
#7 C:\xampp\htdocs\new_project\system\CodeIgniter.php(320): CodeIgniter\CodeIgniter->handleRequest(NULL, Object(Config\Cache), false)
#8 C:\xampp\htdocs\new_project\index.php(37): CodeIgniter\CodeIgniter->run()
#9 {main}
CRITICAL - 2024-03-12 04:38:49 --> Undefined variable $data
#0 C:\xampp\htdocs\new_project\app\Views\js\eventsCalendar.php(9): CodeIgniter\Debug\Exceptions->errorHandler(2, 'Undefined varia...', 'C:\\xampp\\htdocs...', 9)
#1 C:\xampp\htdocs\new_project\system\View\View.php(210): include('C:\\xampp\\htdocs...')
#2 C:\xampp\htdocs\new_project\system\View\View.php(213): CodeIgniter\View\View->CodeIgniter\View\{closure}()
#3 C:\xampp\htdocs\new_project\system\Common.php(1089): CodeIgniter\View\View->render('js/eventsCalend...', Array, true)
#4 C:\xampp\htdocs\new_project\app\Controllers\Home.php(65): view('js/eventsCalend...', Array)
#5 C:\xampp\htdocs\new_project\system\CodeIgniter.php(825): App\Controllers\Home->index()
#6 C:\xampp\htdocs\new_project\system\CodeIgniter.php(412): CodeIgniter\CodeIgniter->runController(Object(App\Controllers\Home))
#7 C:\xampp\htdocs\new_project\system\CodeIgniter.php(320): CodeIgniter\CodeIgniter->handleRequest(NULL, Object(Config\Cache), false)
#8 C:\xampp\htdocs\new_project\index.php(37): CodeIgniter\CodeIgniter->run()
#9 {main}
CRITICAL - 2024-03-12 04:50:19 --> Creation of dynamic property App\Controllers\Admin::$session is deprecated
#0 C:\xampp\htdocs\new_project\app\Controllers\Admin.php(32): CodeIgniter\Debug\Exceptions->errorHandler(8192, 'Creation of dyn...', 'C:\\xampp\\htdocs...', 32)
#1 C:\xampp\htdocs\new_project\system\CodeIgniter.php(802): App\Controllers\Admin->__construct()
#2 C:\xampp\htdocs\new_project\system\CodeIgniter.php(403): CodeIgniter\CodeIgniter->createController()
#3 C:\xampp\htdocs\new_project\system\CodeIgniter.php(320): CodeIgniter\CodeIgniter->handleRequest(NULL, Object(Config\Cache), false)
#4 C:\xampp\htdocs\new_project\index.php(37): CodeIgniter\CodeIgniter->run()
#5 {main}
