CRITICAL - 2022-02-21 01:07:40 --> Class 'App\Models\ModPlans' not found
#0 /home/u595490171/domains/internationalfamilyclub.org/public_html/system/CodeIgniter.php(825): App\Controllers\Home->index()
#1 /home/u595490171/domains/internationalfamilyclub.org/public_html/system/CodeIgniter.php(412): CodeIgniter\CodeIgniter->runController(Object(App\Controllers\Home))
#2 /home/u595490171/domains/internationalfamilyclub.org/public_html/system/CodeIgniter.php(320): CodeIgniter\CodeIgniter->handleRequest(NULL, Object(Config\Cache), false)
#3 /home/u595490171/domains/internationalfamilyclub.org/public_html/index.php(37): CodeIgniter\CodeIgniter->run()
#4 {main}
CRITICAL - 2022-02-21 03:59:48 --> Class 'App\Models\ModPlans' not found
#0 /home/u595490171/domains/internationalfamilyclub.org/public_html/system/CodeIgniter.php(825): App\Controllers\Home->index()
#1 /home/u595490171/domains/internationalfamilyclub.org/public_html/system/CodeIgniter.php(412): CodeIgniter\CodeIgniter->runController(Object(App\Controllers\Home))
#2 /home/u595490171/domains/internationalfamilyclub.org/public_html/system/CodeIgniter.php(320): CodeIgniter\CodeIgniter->handleRequest(NULL, Object(Config\Cache), false)
#3 /home/u595490171/domains/internationalfamilyclub.org/public_html/index.php(37): CodeIgniter\CodeIgniter->run()
#4 {main}
CRITICAL - 2022-02-21 04:36:28 --> Class 'App\Models\ModPlans' not found
#0 /home/u595490171/domains/internationalfamilyclub.org/public_html/system/CodeIgniter.php(825): App\Controllers\Home->index()
#1 /home/u595490171/domains/internationalfamilyclub.org/public_html/system/CodeIgniter.php(412): CodeIgniter\CodeIgniter->runController(Object(App\Controllers\Home))
#2 /home/u595490171/domains/internationalfamilyclub.org/public_html/system/CodeIgniter.php(320): CodeIgniter\CodeIgniter->handleRequest(NULL, Object(Config\Cache), false)
#3 /home/u595490171/domains/internationalfamilyclub.org/public_html/index.php(37): CodeIgniter\CodeIgniter->run()
#4 {main}
CRITICAL - 2022-02-21 07:33:48 --> Class 'App\Models\ModPlans' not found
#0 /home/u595490171/domains/internationalfamilyclub.org/public_html/system/CodeIgniter.php(825): App\Controllers\Home->index()
#1 /home/u595490171/domains/internationalfamilyclub.org/public_html/system/CodeIgniter.php(412): CodeIgniter\CodeIgniter->runController(Object(App\Controllers\Home))
#2 /home/u595490171/domains/internationalfamilyclub.org/public_html/system/CodeIgniter.php(320): CodeIgniter\CodeIgniter->handleRequest(NULL, Object(Config\Cache), false)
#3 /home/u595490171/domains/internationalfamilyclub.org/public_html/index.php(37): CodeIgniter\CodeIgniter->run()
#4 {main}
CRITICAL - 2022-02-21 08:01:40 --> Class 'App\Models\ModPlans' not found
#0 /home/u595490171/domains/internationalfamilyclub.org/public_html/system/CodeIgniter.php(825): App\Controllers\Home->index()
#1 /home/u595490171/domains/internationalfamilyclub.org/public_html/system/CodeIgniter.php(412): CodeIgniter\CodeIgniter->runController(Object(App\Controllers\Home))
#2 /home/u595490171/domains/internationalfamilyclub.org/public_html/system/CodeIgniter.php(320): CodeIgniter\CodeIgniter->handleRequest(NULL, Object(Config\Cache), false)
#3 /home/u595490171/domains/internationalfamilyclub.org/public_html/index.php(37): CodeIgniter\CodeIgniter->run()
#4 {main}
CRITICAL - 2022-02-21 08:01:44 --> Class 'App\Models\ModPlans' not found
#0 /home/u595490171/domains/internationalfamilyclub.org/public_html/system/CodeIgniter.php(825): App\Controllers\Home->index()
#1 /home/u595490171/domains/internationalfamilyclub.org/public_html/system/CodeIgniter.php(412): CodeIgniter\CodeIgniter->runController(Object(App\Controllers\Home))
#2 /home/u595490171/domains/internationalfamilyclub.org/public_html/system/CodeIgniter.php(320): CodeIgniter\CodeIgniter->handleRequest(NULL, Object(Config\Cache), false)
#3 /home/u595490171/domains/internationalfamilyclub.org/public_html/index.php(37): CodeIgniter\CodeIgniter->run()
#4 {main}
CRITICAL - 2022-02-21 08:55:43 --> Class 'App\Models\ModPlans' not found
#0 /home/u595490171/domains/internationalfamilyclub.org/public_html/system/CodeIgniter.php(825): App\Controllers\Home->index()
#1 /home/u595490171/domains/internationalfamilyclub.org/public_html/system/CodeIgniter.php(412): CodeIgniter\CodeIgniter->runController(Object(App\Controllers\Home))
#2 /home/u595490171/domains/internationalfamilyclub.org/public_html/system/CodeIgniter.php(320): CodeIgniter\CodeIgniter->handleRequest(NULL, Object(Config\Cache), false)
#3 /home/u595490171/domains/internationalfamilyclub.org/public_html/index.php(37): CodeIgniter\CodeIgniter->run()
#4 {main}
CRITICAL - 2022-02-21 09:04:28 --> Class 'App\Models\ModPlans' not found
#0 /home/u595490171/domains/internationalfamilyclub.org/public_html/system/CodeIgniter.php(825): App\Controllers\Home->index()
#1 /home/u595490171/domains/internationalfamilyclub.org/public_html/system/CodeIgniter.php(412): CodeIgniter\CodeIgniter->runController(Object(App\Controllers\Home))
#2 /home/u595490171/domains/internationalfamilyclub.org/public_html/system/CodeIgniter.php(320): CodeIgniter\CodeIgniter->handleRequest(NULL, Object(Config\Cache), false)
#3 /home/u595490171/domains/internationalfamilyclub.org/public_html/index.php(37): CodeIgniter\CodeIgniter->run()
#4 {main}
CRITICAL - 2022-02-21 09:20:13 --> Class 'App\Models\ModPlans' not found
#0 /home/u595490171/domains/internationalfamilyclub.org/public_html/system/CodeIgniter.php(825): App\Controllers\Home->index()
#1 /home/u595490171/domains/internationalfamilyclub.org/public_html/system/CodeIgniter.php(412): CodeIgniter\CodeIgniter->runController(Object(App\Controllers\Home))
#2 /home/u595490171/domains/internationalfamilyclub.org/public_html/system/CodeIgniter.php(320): CodeIgniter\CodeIgniter->handleRequest(NULL, Object(Config\Cache), false)
#3 /home/u595490171/domains/internationalfamilyclub.org/public_html/index.php(37): CodeIgniter\CodeIgniter->run()
#4 {main}
