CRITICAL - 2024-03-18 07:58:25 --> Creation of dynamic property App\Controllers\User::$session is deprecated
#0 C:\xampp\htdocs\new_project\app\Controllers\User.php(15): CodeIgniter\Debug\Exceptions->errorHandler(8192, 'Creation of dyn...', 'C:\\xampp\\htdocs...', 15)
#1 C:\xampp\htdocs\new_project\system\CodeIgniter.php(802): App\Controllers\User->__construct()
#2 C:\xampp\htdocs\new_project\system\CodeIgniter.php(403): CodeIgniter\CodeIgniter->createController()
#3 C:\xampp\htdocs\new_project\system\CodeIgniter.php(320): CodeIgniter\CodeIgniter->handleRequest(NULL, Object(Config\Cache), false)
#4 C:\xampp\htdocs\new_project\index.php(37): CodeIgniter\CodeIgniter->run()
#5 {main}
CRITICAL - 2024-03-18 07:59:06 --> Creation of dynamic property App\Controllers\Pages::$session is deprecated
#0 C:\xampp\htdocs\new_project\app\Controllers\Pages.php(16): CodeIgniter\Debug\Exceptions->errorHandler(8192, 'Creation of dyn...', 'C:\\xampp\\htdocs...', 16)
#1 C:\xampp\htdocs\new_project\system\CodeIgniter.php(802): App\Controllers\Pages->__construct()
#2 C:\xampp\htdocs\new_project\system\CodeIgniter.php(403): CodeIgniter\CodeIgniter->createController()
#3 C:\xampp\htdocs\new_project\system\CodeIgniter.php(320): CodeIgniter\CodeIgniter->handleRequest(NULL, Object(Config\Cache), false)
#4 C:\xampp\htdocs\new_project\index.php(37): CodeIgniter\CodeIgniter->run()
#5 {main}
CRITICAL - 2024-03-18 07:59:44 --> Automatic conversion of false to array is deprecated
#0 C:\xampp\htdocs\new_project\app\Helpers\custom_helper.php(550): CodeIgniter\Debug\Exceptions->errorHandler(8192, 'Automatic conve...', 'C:\\xampp\\htdocs...', 550)
#1 C:\xampp\htdocs\new_project\app\Controllers\NewsEvents.php(114): filterForView()
#2 C:\xampp\htdocs\new_project\system\CodeIgniter.php(825): App\Controllers\NewsEvents->events()
#3 C:\xampp\htdocs\new_project\system\CodeIgniter.php(412): CodeIgniter\CodeIgniter->runController(Object(App\Controllers\NewsEvents))
#4 C:\xampp\htdocs\new_project\system\CodeIgniter.php(320): CodeIgniter\CodeIgniter->handleRequest(NULL, Object(Config\Cache), false)
#5 C:\xampp\htdocs\new_project\index.php(37): CodeIgniter\CodeIgniter->run()
#6 {main}
CRITICAL - 2024-03-18 08:02:35 --> count(): Argument #1 ($value) must be of type Countable|array, null given
#0 C:\xampp\htdocs\new_project\system\View\View.php(210): include()
#1 C:\xampp\htdocs\new_project\system\View\View.php(213): CodeIgniter\View\View->CodeIgniter\View\{closure}()
#2 C:\xampp\htdocs\new_project\system\Common.php(1089): CodeIgniter\View\View->render('js/eventsCalend...', Array, true)
#3 C:\xampp\htdocs\new_project\app\Controllers\NewsEvents.php(135): view('js/eventsCalend...', Array)
#4 C:\xampp\htdocs\new_project\system\CodeIgniter.php(825): App\Controllers\NewsEvents->events()
#5 C:\xampp\htdocs\new_project\system\CodeIgniter.php(412): CodeIgniter\CodeIgniter->runController(Object(App\Controllers\NewsEvents))
#6 C:\xampp\htdocs\new_project\system\CodeIgniter.php(320): CodeIgniter\CodeIgniter->handleRequest(NULL, Object(Config\Cache), false)
#7 C:\xampp\htdocs\new_project\index.php(37): CodeIgniter\CodeIgniter->run()
#8 {main}
CRITICAL - 2024-03-18 09:40:36 --> Automatic conversion of false to array is deprecated
#0 C:\xampp\htdocs\new_project\app\Controllers\Admin.php(714): CodeIgniter\Debug\Exceptions->errorHandler(8192, 'Automatic conve...', 'C:\\xampp\\htdocs...', 714)
#1 C:\xampp\htdocs\new_project\app\Controllers\Admin.php(59): App\Controllers\Admin->filterWhereForview()
#2 C:\xampp\htdocs\new_project\system\CodeIgniter.php(825): App\Controllers\Admin->users()
#3 C:\xampp\htdocs\new_project\system\CodeIgniter.php(412): CodeIgniter\CodeIgniter->runController(Object(App\Controllers\Admin))
#4 C:\xampp\htdocs\new_project\system\CodeIgniter.php(320): CodeIgniter\CodeIgniter->handleRequest(NULL, Object(Config\Cache), false)
#5 C:\xampp\htdocs\new_project\index.php(37): CodeIgniter\CodeIgniter->run()
#6 {main}
