CRITICAL - 2024-05-08 02:58:52 --> Undefined variable $meetinf
#0 C:\xampp\htdocs\oaualumni\app\Views\admin\content\editZoomMeeting.php(34): CodeIgniter\Debug\Exceptions->errorHandler(2, 'Undefined varia...', 'C:\\xampp\\htdocs...', 34)
#1 C:\xampp\htdocs\oaualumni\system\View\View.php(210): include('C:\\xampp\\htdocs...')
#2 C:\xampp\htdocs\oaualumni\system\View\View.php(213): CodeIgniter\View\View->CodeIgniter\View\{closure}()
#3 C:\xampp\htdocs\oaualumni\system\Common.php(1089): CodeIgniter\View\View->render('admin/content/e...', Array, true)
#4 C:\xampp\htdocs\oaualumni\app\Controllers\Admin.php(2709): view('admin/content/e...', Array)
#5 C:\xampp\htdocs\oaualumni\system\CodeIgniter.php(825): App\Controllers\Admin->editZoomMeeting('1')
#6 C:\xampp\htdocs\oaualumni\system\CodeIgniter.php(412): CodeIgniter\CodeIgniter->runController(Object(App\Controllers\Admin))
#7 C:\xampp\htdocs\oaualumni\system\CodeIgniter.php(320): CodeIgniter\CodeIgniter->handleRequest(NULL, Object(Config\Cache), false)
#8 C:\xampp\htdocs\oaualumni\index.php(37): CodeIgniter\CodeIgniter->run()
#9 {main}
CRITICAL - 2024-05-08 05:47:24 --> Cannot use object of type stdClass as array
#0 C:\xampp\htdocs\oaualumni\system\CodeIgniter.php(825): App\Controllers\NewsEvents->fetchevents()
#1 C:\xampp\htdocs\oaualumni\system\CodeIgniter.php(412): CodeIgniter\CodeIgniter->runController(Object(App\Controllers\NewsEvents))
#2 C:\xampp\htdocs\oaualumni\system\CodeIgniter.php(320): CodeIgniter\CodeIgniter->handleRequest(NULL, Object(Config\Cache), false)
#3 C:\xampp\htdocs\oaualumni\index.php(37): CodeIgniter\CodeIgniter->run()
#4 {main}
CRITICAL - 2024-05-08 05:48:33 --> Undefined property: stdClass::$short_description
#0 C:\xampp\htdocs\oaualumni\app\Controllers\NewsEvents.php(262): CodeIgniter\Debug\Exceptions->errorHandler(2, 'Undefined prope...', 'C:\\xampp\\htdocs...', 262)
#1 C:\xampp\htdocs\oaualumni\system\CodeIgniter.php(825): App\Controllers\NewsEvents->fetchevents()
#2 C:\xampp\htdocs\oaualumni\system\CodeIgniter.php(412): CodeIgniter\CodeIgniter->runController(Object(App\Controllers\NewsEvents))
#3 C:\xampp\htdocs\oaualumni\system\CodeIgniter.php(320): CodeIgniter\CodeIgniter->handleRequest(NULL, Object(Config\Cache), false)
#4 C:\xampp\htdocs\oaualumni\index.php(37): CodeIgniter\CodeIgniter->run()
#5 {main}
CRITICAL - 2024-05-08 06:01:59 --> Undefined array key "short_desc"
#0 C:\xampp\htdocs\oaualumni\app\Views\admin\content\editZoomMeeting.php(40): CodeIgniter\Debug\Exceptions->errorHandler(2, 'Undefined array...', 'C:\\xampp\\htdocs...', 40)
#1 C:\xampp\htdocs\oaualumni\system\View\View.php(210): include('C:\\xampp\\htdocs...')
#2 C:\xampp\htdocs\oaualumni\system\View\View.php(213): CodeIgniter\View\View->CodeIgniter\View\{closure}()
#3 C:\xampp\htdocs\oaualumni\system\Common.php(1089): CodeIgniter\View\View->render('admin/content/e...', Array, true)
#4 C:\xampp\htdocs\oaualumni\app\Controllers\Admin.php(2712): view('admin/content/e...', Array)
#5 C:\xampp\htdocs\oaualumni\system\CodeIgniter.php(825): App\Controllers\Admin->editZoomMeeting('4')
#6 C:\xampp\htdocs\oaualumni\system\CodeIgniter.php(412): CodeIgniter\CodeIgniter->runController(Object(App\Controllers\Admin))
#7 C:\xampp\htdocs\oaualumni\system\CodeIgniter.php(320): CodeIgniter\CodeIgniter->handleRequest(NULL, Object(Config\Cache), false)
#8 C:\xampp\htdocs\oaualumni\index.php(37): CodeIgniter\CodeIgniter->run()
#9 {main}
CRITICAL - 2024-05-08 15:20:50 --> count(): Argument #1 ($value) must be of type Countable|array, bool given
#0 C:\xampp\htdocs\oaualumni\system\View\View.php(210): include()
#1 C:\xampp\htdocs\oaualumni\system\View\View.php(213): CodeIgniter\View\View->CodeIgniter\View\{closure}()
#2 C:\xampp\htdocs\oaualumni\system\Common.php(1089): CodeIgniter\View\View->render('js/eventsCalend...', Array, true)
#3 C:\xampp\htdocs\oaualumni\app\Controllers\Home.php(79): view('js/eventsCalend...', Array)
#4 C:\xampp\htdocs\oaualumni\system\CodeIgniter.php(825): App\Controllers\Home->index()
#5 C:\xampp\htdocs\oaualumni\system\CodeIgniter.php(412): CodeIgniter\CodeIgniter->runController(Object(App\Controllers\Home))
#6 C:\xampp\htdocs\oaualumni\system\CodeIgniter.php(320): CodeIgniter\CodeIgniter->handleRequest(NULL, Object(Config\Cache), false)
#7 C:\xampp\htdocs\oaualumni\index.php(37): CodeIgniter\CodeIgniter->run()
#8 {main}
CRITICAL - 2024-05-08 15:21:12 --> count(): Argument #1 ($value) must be of type Countable|array, bool given
#0 C:\xampp\htdocs\oaualumni\system\View\View.php(210): include()
#1 C:\xampp\htdocs\oaualumni\system\View\View.php(213): CodeIgniter\View\View->CodeIgniter\View\{closure}()
#2 C:\xampp\htdocs\oaualumni\system\Common.php(1089): CodeIgniter\View\View->render('js/eventsCalend...', Array, true)
#3 C:\xampp\htdocs\oaualumni\app\Controllers\Home.php(79): view('js/eventsCalend...', Array)
#4 C:\xampp\htdocs\oaualumni\system\CodeIgniter.php(825): App\Controllers\Home->index()
#5 C:\xampp\htdocs\oaualumni\system\CodeIgniter.php(412): CodeIgniter\CodeIgniter->runController(Object(App\Controllers\Home))
#6 C:\xampp\htdocs\oaualumni\system\CodeIgniter.php(320): CodeIgniter\CodeIgniter->handleRequest(NULL, Object(Config\Cache), false)
#7 C:\xampp\htdocs\oaualumni\index.php(37): CodeIgniter\CodeIgniter->run()
#8 {main}
