CRITICAL - 2024-03-11 11:27:10 --> The framework needs the following extension(s) installed and loaded: intl.
#0 C:\xampp\htdocs\new_project\system\CodeIgniter.php(219): CodeIgniter\Exceptions\FrameworkException::forMissingExtension('intl')
#1 C:\xampp\htdocs\new_project\system\CodeIgniter.php(177): CodeIgniter\CodeIgniter->resolvePlatformExtensions()
#2 C:\xampp\htdocs\new_project\system\bootstrap.php(146): CodeIgniter\CodeIgniter->initialize()
#3 C:\xampp\htdocs\new_project\index.php(28): require('C:\\xampp\\htdocs...')
#4 {main}
CRITICAL - 2024-03-11 11:27:37 --> The framework needs the following extension(s) installed and loaded: intl.
#0 C:\xampp\htdocs\new_project\system\CodeIgniter.php(219): CodeIgniter\Exceptions\FrameworkException::forMissingExtension('intl')
#1 C:\xampp\htdocs\new_project\system\CodeIgniter.php(177): CodeIgniter\CodeIgniter->resolvePlatformExtensions()
#2 C:\xampp\htdocs\new_project\system\bootstrap.php(146): CodeIgniter\CodeIgniter->initialize()
#3 C:\xampp\htdocs\new_project\index.php(28): require('C:\\xampp\\htdocs...')
#4 {main}
CRITICAL - 2024-03-11 11:33:26 --> The framework needs the following extension(s) installed and loaded: intl.
#0 C:\xampp\htdocs\new_project\system\CodeIgniter.php(219): CodeIgniter\Exceptions\FrameworkException::forMissingExtension('intl')
#1 C:\xampp\htdocs\new_project\system\CodeIgniter.php(177): CodeIgniter\CodeIgniter->resolvePlatformExtensions()
#2 C:\xampp\htdocs\new_project\system\bootstrap.php(146): CodeIgniter\CodeIgniter->initialize()
#3 C:\xampp\htdocs\new_project\index.php(28): require('C:\\xampp\\htdocs...')
#4 {main}
CRITICAL - 2024-03-11 11:33:31 --> The framework needs the following extension(s) installed and loaded: intl.
#0 C:\xampp\htdocs\new_project\system\CodeIgniter.php(219): CodeIgniter\Exceptions\FrameworkException::forMissingExtension('intl')
#1 C:\xampp\htdocs\new_project\system\CodeIgniter.php(177): CodeIgniter\CodeIgniter->resolvePlatformExtensions()
#2 C:\xampp\htdocs\new_project\system\bootstrap.php(146): CodeIgniter\CodeIgniter->initialize()
#3 C:\xampp\htdocs\new_project\index.php(28): require('C:\\xampp\\htdocs...')
#4 {main}
ERROR - 2024-03-11 05:42:37 --> Table 'new_project_test_db.events' doesn't exist
CRITICAL - 2024-03-11 05:42:37 --> Call to a member function getResult() on bool
#0 C:\xampp\htdocs\new_project\system\CodeIgniter.php(825): App\Controllers\Home->index()
#1 C:\xampp\htdocs\new_project\system\CodeIgniter.php(412): CodeIgniter\CodeIgniter->runController(Object(App\Controllers\Home))
#2 C:\xampp\htdocs\new_project\system\CodeIgniter.php(320): CodeIgniter\CodeIgniter->handleRequest(NULL, Object(Config\Cache), false)
#3 C:\xampp\htdocs\new_project\public\index.php(37): CodeIgniter\CodeIgniter->run()
#4 {main}
ERROR - 2024-03-11 05:42:41 --> Table 'new_project_test_db.events' doesn't exist
CRITICAL - 2024-03-11 05:42:41 --> Call to a member function getResult() on bool
#0 C:\xampp\htdocs\new_project\system\CodeIgniter.php(825): App\Controllers\Home->index()
#1 C:\xampp\htdocs\new_project\system\CodeIgniter.php(412): CodeIgniter\CodeIgniter->runController(Object(App\Controllers\Home))
#2 C:\xampp\htdocs\new_project\system\CodeIgniter.php(320): CodeIgniter\CodeIgniter->handleRequest(NULL, Object(Config\Cache), false)
#3 C:\xampp\htdocs\new_project\public\index.php(37): CodeIgniter\CodeIgniter->run()
#4 {main}
ERROR - 2024-03-11 05:44:43 --> Table 'new_project_test_db.events' doesn't exist
CRITICAL - 2024-03-11 05:44:43 --> Call to a member function getResult() on bool
#0 C:\xampp\htdocs\new_project\system\CodeIgniter.php(825): App\Controllers\Home->index()
#1 C:\xampp\htdocs\new_project\system\CodeIgniter.php(412): CodeIgniter\CodeIgniter->runController(Object(App\Controllers\Home))
#2 C:\xampp\htdocs\new_project\system\CodeIgniter.php(320): CodeIgniter\CodeIgniter->handleRequest(NULL, Object(Config\Cache), false)
#3 C:\xampp\htdocs\new_project\index.php(37): CodeIgniter\CodeIgniter->run()
#4 {main}
ERROR - 2024-03-11 05:51:14 --> Table 'new_project_test_db.events' doesn't exist
CRITICAL - 2024-03-11 05:51:14 --> Call to a member function getResult() on bool
#0 C:\xampp\htdocs\new_project\system\CodeIgniter.php(825): App\Controllers\Home->index()
#1 C:\xampp\htdocs\new_project\system\CodeIgniter.php(412): CodeIgniter\CodeIgniter->runController(Object(App\Controllers\Home))
#2 C:\xampp\htdocs\new_project\system\CodeIgniter.php(320): CodeIgniter\CodeIgniter->handleRequest(NULL, Object(Config\Cache), false)
#3 C:\xampp\htdocs\new_project\public\index.php(37): CodeIgniter\CodeIgniter->run()
#4 {main}
ERROR - 2024-03-11 05:51:18 --> Table 'new_project_test_db.events' doesn't exist
CRITICAL - 2024-03-11 05:51:18 --> Call to a member function getResult() on bool
#0 C:\xampp\htdocs\new_project\system\CodeIgniter.php(825): App\Controllers\Home->index()
#1 C:\xampp\htdocs\new_project\system\CodeIgniter.php(412): CodeIgniter\CodeIgniter->runController(Object(App\Controllers\Home))
#2 C:\xampp\htdocs\new_project\system\CodeIgniter.php(320): CodeIgniter\CodeIgniter->handleRequest(NULL, Object(Config\Cache), false)
#3 C:\xampp\htdocs\new_project\index.php(37): CodeIgniter\CodeIgniter->run()
#4 {main}
ERROR - 2024-03-11 05:51:47 --> Table 'new_project_test_db.events' doesn't exist
CRITICAL - 2024-03-11 05:51:47 --> Call to a member function getResult() on bool
#0 C:\xampp\htdocs\new_project\system\CodeIgniter.php(825): App\Controllers\Home->index()
#1 C:\xampp\htdocs\new_project\system\CodeIgniter.php(412): CodeIgniter\CodeIgniter->runController(Object(App\Controllers\Home))
#2 C:\xampp\htdocs\new_project\system\CodeIgniter.php(320): CodeIgniter\CodeIgniter->handleRequest(NULL, Object(Config\Cache), false)
#3 C:\xampp\htdocs\new_project\index.php(37): CodeIgniter\CodeIgniter->run()
#4 {main}
ERROR - 2024-03-11 05:55:20 --> Table 'new_project_test_db.events' doesn't exist
CRITICAL - 2024-03-11 05:55:20 --> Call to a member function getResult() on bool
#0 C:\xampp\htdocs\new_project\system\CodeIgniter.php(825): App\Controllers\Home->index()
#1 C:\xampp\htdocs\new_project\system\CodeIgniter.php(412): CodeIgniter\CodeIgniter->runController(Object(App\Controllers\Home))
#2 C:\xampp\htdocs\new_project\system\CodeIgniter.php(320): CodeIgniter\CodeIgniter->handleRequest(NULL, Object(Config\Cache), false)
#3 C:\xampp\htdocs\new_project\public\index.php(37): CodeIgniter\CodeIgniter->run()
#4 {main}
ERROR - 2024-03-11 05:56:11 --> Table 'new_project_test_db.events' doesn't exist
CRITICAL - 2024-03-11 05:56:11 --> Call to a member function getResult() on bool
#0 C:\xampp\htdocs\new_project\system\CodeIgniter.php(825): App\Controllers\Home->index()
#1 C:\xampp\htdocs\new_project\system\CodeIgniter.php(412): CodeIgniter\CodeIgniter->runController(Object(App\Controllers\Home))
#2 C:\xampp\htdocs\new_project\system\CodeIgniter.php(320): CodeIgniter\CodeIgniter->handleRequest(NULL, Object(Config\Cache), false)
#3 C:\xampp\htdocs\new_project\public\index.php(37): CodeIgniter\CodeIgniter->run()
#4 {main}
ERROR - 2024-03-11 05:56:12 --> Table 'new_project_test_db.events' doesn't exist
CRITICAL - 2024-03-11 05:56:12 --> Call to a member function getResult() on bool
#0 C:\xampp\htdocs\new_project\system\CodeIgniter.php(825): App\Controllers\Home->index()
#1 C:\xampp\htdocs\new_project\system\CodeIgniter.php(412): CodeIgniter\CodeIgniter->runController(Object(App\Controllers\Home))
#2 C:\xampp\htdocs\new_project\system\CodeIgniter.php(320): CodeIgniter\CodeIgniter->handleRequest(NULL, Object(Config\Cache), false)
#3 C:\xampp\htdocs\new_project\public\index.php(37): CodeIgniter\CodeIgniter->run()
#4 {main}
ERROR - 2024-03-11 05:56:16 --> Table 'new_project_test_db.events' doesn't exist
CRITICAL - 2024-03-11 05:56:16 --> Call to a member function getResult() on bool
#0 C:\xampp\htdocs\new_project\system\CodeIgniter.php(825): App\Controllers\Home->index()
#1 C:\xampp\htdocs\new_project\system\CodeIgniter.php(412): CodeIgniter\CodeIgniter->runController(Object(App\Controllers\Home))
#2 C:\xampp\htdocs\new_project\system\CodeIgniter.php(320): CodeIgniter\CodeIgniter->handleRequest(NULL, Object(Config\Cache), false)
#3 C:\xampp\htdocs\new_project\public\index.php(37): CodeIgniter\CodeIgniter->run()
#4 {main}
ERROR - 2024-03-11 05:58:15 --> Table 'new_project_test_db.events' doesn't exist
CRITICAL - 2024-03-11 05:58:15 --> Table 'new_project_test_db.events' doesn't exist
#0 C:\xampp\htdocs\new_project\system\Database\MySQLi\Connection.php(292): mysqli->query('SELECT *\nFROM `...', 0)
#1 C:\xampp\htdocs\new_project\system\Database\BaseConnection.php(670): CodeIgniter\Database\MySQLi\Connection->execute('SELECT *\nFROM `...')
#2 C:\xampp\htdocs\new_project\system\Database\BaseConnection.php(598): CodeIgniter\Database\BaseConnection->simpleQuery('SELECT *\nFROM `...')
#3 C:\xampp\htdocs\new_project\system\Database\BaseBuilder.php(1455): CodeIgniter\Database\BaseConnection->query('SELECT *\nFROM `...', Array, false)
#4 C:\xampp\htdocs\new_project\app\Controllers\Home.php(28): CodeIgniter\Database\BaseBuilder->get()
#5 C:\xampp\htdocs\new_project\system\CodeIgniter.php(825): App\Controllers\Home->index()
#6 C:\xampp\htdocs\new_project\system\CodeIgniter.php(412): CodeIgniter\CodeIgniter->runController(Object(App\Controllers\Home))
#7 C:\xampp\htdocs\new_project\system\CodeIgniter.php(320): CodeIgniter\CodeIgniter->handleRequest(NULL, Object(Config\Cache), false)
#8 C:\xampp\htdocs\new_project\public\index.php(37): CodeIgniter\CodeIgniter->run()
#9 C:\xampp\htdocs\new_project\system\Commands\Server\rewrite.php(43): require_once('C:\\xampp\\htdocs...')
#10 {main}
ERROR - 2024-03-11 06:01:08 --> Table 'new_project_test_db.events' doesn't exist
CRITICAL - 2024-03-11 06:01:08 --> Table 'new_project_test_db.events' doesn't exist
#0 C:\xampp\htdocs\new_project\system\Database\MySQLi\Connection.php(292): mysqli->query('SELECT *\nFROM `...', 0)
#1 C:\xampp\htdocs\new_project\system\Database\BaseConnection.php(670): CodeIgniter\Database\MySQLi\Connection->execute('SELECT *\nFROM `...')
#2 C:\xampp\htdocs\new_project\system\Database\BaseConnection.php(598): CodeIgniter\Database\BaseConnection->simpleQuery('SELECT *\nFROM `...')
#3 C:\xampp\htdocs\new_project\system\Database\BaseBuilder.php(1455): CodeIgniter\Database\BaseConnection->query('SELECT *\nFROM `...', Array, false)
#4 C:\xampp\htdocs\new_project\app\Controllers\Home.php(28): CodeIgniter\Database\BaseBuilder->get()
#5 C:\xampp\htdocs\new_project\system\CodeIgniter.php(825): App\Controllers\Home->index()
#6 C:\xampp\htdocs\new_project\system\CodeIgniter.php(412): CodeIgniter\CodeIgniter->runController(Object(App\Controllers\Home))
#7 C:\xampp\htdocs\new_project\system\CodeIgniter.php(320): CodeIgniter\CodeIgniter->handleRequest(NULL, Object(Config\Cache), false)
#8 C:\xampp\htdocs\new_project\public\index.php(37): CodeIgniter\CodeIgniter->run()
#9 {main}
ERROR - 2024-03-11 06:01:16 --> Table 'new_project_test_db.events' doesn't exist
CRITICAL - 2024-03-11 06:01:16 --> Table 'new_project_test_db.events' doesn't exist
#0 C:\xampp\htdocs\new_project\system\Database\MySQLi\Connection.php(292): mysqli->query('SELECT *\nFROM `...', 0)
#1 C:\xampp\htdocs\new_project\system\Database\BaseConnection.php(670): CodeIgniter\Database\MySQLi\Connection->execute('SELECT *\nFROM `...')
#2 C:\xampp\htdocs\new_project\system\Database\BaseConnection.php(598): CodeIgniter\Database\BaseConnection->simpleQuery('SELECT *\nFROM `...')
#3 C:\xampp\htdocs\new_project\system\Database\BaseBuilder.php(1455): CodeIgniter\Database\BaseConnection->query('SELECT *\nFROM `...', Array, false)
#4 C:\xampp\htdocs\new_project\app\Controllers\Home.php(28): CodeIgniter\Database\BaseBuilder->get()
#5 C:\xampp\htdocs\new_project\system\CodeIgniter.php(825): App\Controllers\Home->index()
#6 C:\xampp\htdocs\new_project\system\CodeIgniter.php(412): CodeIgniter\CodeIgniter->runController(Object(App\Controllers\Home))
#7 C:\xampp\htdocs\new_project\system\CodeIgniter.php(320): CodeIgniter\CodeIgniter->handleRequest(NULL, Object(Config\Cache), false)
#8 C:\xampp\htdocs\new_project\index.php(37): CodeIgniter\CodeIgniter->run()
#9 {main}
ERROR - 2024-03-11 06:01:26 --> Table 'new_project_test_db.events' doesn't exist
CRITICAL - 2024-03-11 06:01:26 --> Table 'new_project_test_db.events' doesn't exist
#0 C:\xampp\htdocs\new_project\system\Database\MySQLi\Connection.php(292): mysqli->query('SELECT *\nFROM `...', 0)
#1 C:\xampp\htdocs\new_project\system\Database\BaseConnection.php(670): CodeIgniter\Database\MySQLi\Connection->execute('SELECT *\nFROM `...')
#2 C:\xampp\htdocs\new_project\system\Database\BaseConnection.php(598): CodeIgniter\Database\BaseConnection->simpleQuery('SELECT *\nFROM `...')
#3 C:\xampp\htdocs\new_project\system\Database\BaseBuilder.php(1455): CodeIgniter\Database\BaseConnection->query('SELECT *\nFROM `...', Array, false)
#4 C:\xampp\htdocs\new_project\app\Controllers\Home.php(28): CodeIgniter\Database\BaseBuilder->get()
#5 C:\xampp\htdocs\new_project\system\CodeIgniter.php(825): App\Controllers\Home->index()
#6 C:\xampp\htdocs\new_project\system\CodeIgniter.php(412): CodeIgniter\CodeIgniter->runController(Object(App\Controllers\Home))
#7 C:\xampp\htdocs\new_project\system\CodeIgniter.php(320): CodeIgniter\CodeIgniter->handleRequest(NULL, Object(Config\Cache), false)
#8 C:\xampp\htdocs\new_project\index.php(37): CodeIgniter\CodeIgniter->run()
#9 {main}
ERROR - 2024-03-11 06:02:18 --> Table 'new_project_test_db.newsevents' doesn't exist
CRITICAL - 2024-03-11 06:02:18 --> Table 'new_project_test_db.newsevents' doesn't exist
#0 C:\xampp\htdocs\new_project\system\Database\MySQLi\Connection.php(292): mysqli->query('SELECT *\nFROM `...', 0)
#1 C:\xampp\htdocs\new_project\system\Database\BaseConnection.php(670): CodeIgniter\Database\MySQLi\Connection->execute('SELECT *\nFROM `...')
#2 C:\xampp\htdocs\new_project\system\Database\BaseConnection.php(598): CodeIgniter\Database\BaseConnection->simpleQuery('SELECT *\nFROM `...')
#3 C:\xampp\htdocs\new_project\system\Database\BaseBuilder.php(1455): CodeIgniter\Database\BaseConnection->query('SELECT *\nFROM `...', Array, false)
#4 C:\xampp\htdocs\new_project\app\Controllers\Home.php(28): CodeIgniter\Database\BaseBuilder->get()
#5 C:\xampp\htdocs\new_project\system\CodeIgniter.php(825): App\Controllers\Home->index()
#6 C:\xampp\htdocs\new_project\system\CodeIgniter.php(412): CodeIgniter\CodeIgniter->runController(Object(App\Controllers\Home))
#7 C:\xampp\htdocs\new_project\system\CodeIgniter.php(320): CodeIgniter\CodeIgniter->handleRequest(NULL, Object(Config\Cache), false)
#8 C:\xampp\htdocs\new_project\index.php(37): CodeIgniter\CodeIgniter->run()
#9 {main}
ERROR - 2024-03-11 07:01:50 --> Table 'new_project_test_db.events' doesn't exist
CRITICAL - 2024-03-11 07:01:50 --> Table 'new_project_test_db.events' doesn't exist
#0 C:\xampp\htdocs\new_project\system\Database\MySQLi\Connection.php(292): mysqli->query('SELECT *\nFROM `...', 0)
#1 C:\xampp\htdocs\new_project\system\Database\BaseConnection.php(670): CodeIgniter\Database\MySQLi\Connection->execute('SELECT *\nFROM `...')
#2 C:\xampp\htdocs\new_project\system\Database\BaseConnection.php(598): CodeIgniter\Database\BaseConnection->simpleQuery('SELECT *\nFROM `...')
#3 C:\xampp\htdocs\new_project\system\Database\BaseBuilder.php(1455): CodeIgniter\Database\BaseConnection->query('SELECT *\nFROM `...', Array, false)
#4 C:\xampp\htdocs\new_project\app\Controllers\Home.php(28): CodeIgniter\Database\BaseBuilder->get()
#5 C:\xampp\htdocs\new_project\system\CodeIgniter.php(825): App\Controllers\Home->index()
#6 C:\xampp\htdocs\new_project\system\CodeIgniter.php(412): CodeIgniter\CodeIgniter->runController(Object(App\Controllers\Home))
#7 C:\xampp\htdocs\new_project\system\CodeIgniter.php(320): CodeIgniter\CodeIgniter->handleRequest(NULL, Object(Config\Cache), false)
#8 C:\xampp\htdocs\new_project\index.php(37): CodeIgniter\CodeIgniter->run()
#9 {main}
