CRITICAL - 2024-05-27 02:45:09 --> Undefined array key "start_date"
#0 C:\xampp\htdocs\oaualumni\app\Views\newsEvents\readnrews.php(45): CodeIgniter\Debug\Exceptions->errorHandler(2, 'Undefined array...', 'C:\\xampp\\htdocs...', 45)
#1 C:\xampp\htdocs\oaualumni\system\View\View.php(210): include('C:\\xampp\\htdocs...')
#2 C:\xampp\htdocs\oaualumni\system\View\View.php(213): CodeIgniter\View\View->CodeIgniter\View\{closure}()
#3 C:\xampp\htdocs\oaualumni\system\Common.php(1089): CodeIgniter\View\View->render('newsEvents/read...', Array, true)
#4 C:\xampp\htdocs\oaualumni\app\Controllers\NewsEvents.php(161): view('newsEvents/read...', Array)
#5 C:\xampp\htdocs\oaualumni\system\CodeIgniter.php(825): App\Controllers\NewsEvents->readevent('1')
#6 C:\xampp\htdocs\oaualumni\system\CodeIgniter.php(412): CodeIgniter\CodeIgniter->runController(Object(App\Controllers\NewsEvents))
#7 C:\xampp\htdocs\oaualumni\system\CodeIgniter.php(320): CodeIgniter\CodeIgniter->handleRequest(NULL, Object(Config\Cache), false)
#8 C:\xampp\htdocs\oaualumni\index.php(37): CodeIgniter\CodeIgniter->run()
#9 {main}
CRITICAL - 2024-05-27 02:57:09 --> Undefined array key "start_date"
#0 C:\xampp\htdocs\oaualumni\app\Views\newsEvents\readnrews.php(45): CodeIgniter\Debug\Exceptions->errorHandler(2, 'Undefined array...', 'C:\\xampp\\htdocs...', 45)
#1 C:\xampp\htdocs\oaualumni\system\View\View.php(210): include('C:\\xampp\\htdocs...')
#2 C:\xampp\htdocs\oaualumni\system\View\View.php(213): CodeIgniter\View\View->CodeIgniter\View\{closure}()
#3 C:\xampp\htdocs\oaualumni\system\Common.php(1089): CodeIgniter\View\View->render('newsEvents/read...', Array, true)
#4 C:\xampp\htdocs\oaualumni\app\Controllers\NewsEvents.php(164): view('newsEvents/read...', Array)
#5 C:\xampp\htdocs\oaualumni\system\CodeIgniter.php(825): App\Controllers\NewsEvents->readevent('1')
#6 C:\xampp\htdocs\oaualumni\system\CodeIgniter.php(412): CodeIgniter\CodeIgniter->runController(Object(App\Controllers\NewsEvents))
#7 C:\xampp\htdocs\oaualumni\system\CodeIgniter.php(320): CodeIgniter\CodeIgniter->handleRequest(NULL, Object(Config\Cache), false)
#8 C:\xampp\htdocs\oaualumni\index.php(37): CodeIgniter\CodeIgniter->run()
#9 {main}
CRITICAL - 2024-05-27 04:14:32 --> Undefined variable $user_name
#0 C:\xampp\htdocs\oaualumni\app\Views\emails\updateMeeting.php(177): CodeIgniter\Debug\Exceptions->errorHandler(2, 'Undefined varia...', 'C:\\xampp\\htdocs...', 177)
#1 C:\xampp\htdocs\oaualumni\system\View\View.php(210): include('C:\\xampp\\htdocs...')
#2 C:\xampp\htdocs\oaualumni\system\View\View.php(213): CodeIgniter\View\View->CodeIgniter\View\{closure}()
#3 C:\xampp\htdocs\oaualumni\system\Common.php(1089): CodeIgniter\View\View->render('emails/updateMe...', Array, true)
#4 C:\xampp\htdocs\oaualumni\app\Controllers\Admin.php(89): view('emails/updateMe...', Array)
#5 C:\xampp\htdocs\oaualumni\app\Controllers\Admin.php(2915): App\Controllers\Admin->sendUpdateOnlineMeetingEmail(Array)
#6 C:\xampp\htdocs\oaualumni\system\CodeIgniter.php(825): App\Controllers\Admin->updateZoomMeeting()
#7 C:\xampp\htdocs\oaualumni\system\CodeIgniter.php(412): CodeIgniter\CodeIgniter->runController(Object(App\Controllers\Admin))
#8 C:\xampp\htdocs\oaualumni\system\CodeIgniter.php(320): CodeIgniter\CodeIgniter->handleRequest(NULL, Object(Config\Cache), false)
#9 C:\xampp\htdocs\oaualumni\index.php(37): CodeIgniter\CodeIgniter->run()
#10 {main}
CRITICAL - 2024-05-27 04:16:10 --> Undefined variable $u_first_name
#0 C:\xampp\htdocs\oaualumni\app\Views\emails\updateMeeting.php(177): CodeIgniter\Debug\Exceptions->errorHandler(2, 'Undefined varia...', 'C:\\xampp\\htdocs...', 177)
#1 C:\xampp\htdocs\oaualumni\system\View\View.php(210): include('C:\\xampp\\htdocs...')
#2 C:\xampp\htdocs\oaualumni\system\View\View.php(213): CodeIgniter\View\View->CodeIgniter\View\{closure}()
#3 C:\xampp\htdocs\oaualumni\system\Common.php(1089): CodeIgniter\View\View->render('emails/updateMe...', Array, true)
#4 C:\xampp\htdocs\oaualumni\app\Controllers\Admin.php(89): view('emails/updateMe...', Array)
#5 C:\xampp\htdocs\oaualumni\app\Controllers\Admin.php(2915): App\Controllers\Admin->sendUpdateOnlineMeetingEmail(Array)
#6 C:\xampp\htdocs\oaualumni\system\CodeIgniter.php(825): App\Controllers\Admin->updateZoomMeeting()
#7 C:\xampp\htdocs\oaualumni\system\CodeIgniter.php(412): CodeIgniter\CodeIgniter->runController(Object(App\Controllers\Admin))
#8 C:\xampp\htdocs\oaualumni\system\CodeIgniter.php(320): CodeIgniter\CodeIgniter->handleRequest(NULL, Object(Config\Cache), false)
#9 C:\xampp\htdocs\oaualumni\index.php(37): CodeIgniter\CodeIgniter->run()
#10 {main}
CRITICAL - 2024-05-27 04:16:37 --> Undefined variable $u_first_name
#0 C:\xampp\htdocs\oaualumni\app\Views\emails\updateMeeting.php(177): CodeIgniter\Debug\Exceptions->errorHandler(2, 'Undefined varia...', 'C:\\xampp\\htdocs...', 177)
#1 C:\xampp\htdocs\oaualumni\system\View\View.php(210): include('C:\\xampp\\htdocs...')
#2 C:\xampp\htdocs\oaualumni\system\View\View.php(213): CodeIgniter\View\View->CodeIgniter\View\{closure}()
#3 C:\xampp\htdocs\oaualumni\system\Common.php(1089): CodeIgniter\View\View->render('emails/updateMe...', Array, true)
#4 C:\xampp\htdocs\oaualumni\app\Controllers\Admin.php(89): view('emails/updateMe...', Array)
#5 C:\xampp\htdocs\oaualumni\app\Controllers\Admin.php(2915): App\Controllers\Admin->sendUpdateOnlineMeetingEmail(Array)
#6 C:\xampp\htdocs\oaualumni\system\CodeIgniter.php(825): App\Controllers\Admin->updateZoomMeeting()
#7 C:\xampp\htdocs\oaualumni\system\CodeIgniter.php(412): CodeIgniter\CodeIgniter->runController(Object(App\Controllers\Admin))
#8 C:\xampp\htdocs\oaualumni\system\CodeIgniter.php(320): CodeIgniter\CodeIgniter->handleRequest(NULL, Object(Config\Cache), false)
#9 C:\xampp\htdocs\oaualumni\index.php(37): CodeIgniter\CodeIgniter->run()
#10 {main}
CRITICAL - 2024-05-27 04:17:01 --> Undefined variable $u_first_name
#0 C:\xampp\htdocs\oaualumni\app\Views\emails\updateMeeting.php(177): CodeIgniter\Debug\Exceptions->errorHandler(2, 'Undefined varia...', 'C:\\xampp\\htdocs...', 177)
#1 C:\xampp\htdocs\oaualumni\system\View\View.php(210): include('C:\\xampp\\htdocs...')
#2 C:\xampp\htdocs\oaualumni\system\View\View.php(213): CodeIgniter\View\View->CodeIgniter\View\{closure}()
#3 C:\xampp\htdocs\oaualumni\system\Common.php(1089): CodeIgniter\View\View->render('emails/updateMe...', Array, true)
#4 C:\xampp\htdocs\oaualumni\app\Controllers\Admin.php(89): view('emails/updateMe...', Array)
#5 C:\xampp\htdocs\oaualumni\app\Controllers\Admin.php(2915): App\Controllers\Admin->sendUpdateOnlineMeetingEmail(Array)
#6 C:\xampp\htdocs\oaualumni\system\CodeIgniter.php(825): App\Controllers\Admin->updateZoomMeeting()
#7 C:\xampp\htdocs\oaualumni\system\CodeIgniter.php(412): CodeIgniter\CodeIgniter->runController(Object(App\Controllers\Admin))
#8 C:\xampp\htdocs\oaualumni\system\CodeIgniter.php(320): CodeIgniter\CodeIgniter->handleRequest(NULL, Object(Config\Cache), false)
#9 C:\xampp\htdocs\oaualumni\index.php(37): CodeIgniter\CodeIgniter->run()
#10 {main}
CRITICAL - 2024-05-27 04:20:07 --> Undefined variable $title
#0 C:\xampp\htdocs\oaualumni\app\Views\emails\updateMeeting.php(186): CodeIgniter\Debug\Exceptions->errorHandler(2, 'Undefined varia...', 'C:\\xampp\\htdocs...', 186)
#1 C:\xampp\htdocs\oaualumni\system\View\View.php(210): include('C:\\xampp\\htdocs...')
#2 C:\xampp\htdocs\oaualumni\system\View\View.php(213): CodeIgniter\View\View->CodeIgniter\View\{closure}()
#3 C:\xampp\htdocs\oaualumni\system\Common.php(1089): CodeIgniter\View\View->render('emails/updateMe...', Array, true)
#4 C:\xampp\htdocs\oaualumni\app\Controllers\Admin.php(102): view('emails/updateMe...', Array)
#5 C:\xampp\htdocs\oaualumni\app\Controllers\Admin.php(2912): App\Controllers\Admin->sendUpdateOnlineMeetingEmail(Array)
#6 C:\xampp\htdocs\oaualumni\system\CodeIgniter.php(825): App\Controllers\Admin->updateZoomMeeting()
#7 C:\xampp\htdocs\oaualumni\system\CodeIgniter.php(412): CodeIgniter\CodeIgniter->runController(Object(App\Controllers\Admin))
#8 C:\xampp\htdocs\oaualumni\system\CodeIgniter.php(320): CodeIgniter\CodeIgniter->handleRequest(NULL, Object(Config\Cache), false)
#9 C:\xampp\htdocs\oaualumni\index.php(37): CodeIgniter\CodeIgniter->run()
#10 {main}
CRITICAL - 2024-05-27 04:20:44 --> Undefined variable $meeting_id
#0 C:\xampp\htdocs\oaualumni\app\Views\emails\updateMeeting.php(198): CodeIgniter\Debug\Exceptions->errorHandler(2, 'Undefined varia...', 'C:\\xampp\\htdocs...', 198)
#1 C:\xampp\htdocs\oaualumni\system\View\View.php(210): include('C:\\xampp\\htdocs...')
#2 C:\xampp\htdocs\oaualumni\system\View\View.php(213): CodeIgniter\View\View->CodeIgniter\View\{closure}()
#3 C:\xampp\htdocs\oaualumni\system\Common.php(1089): CodeIgniter\View\View->render('emails/updateMe...', Array, true)
#4 C:\xampp\htdocs\oaualumni\app\Controllers\Admin.php(102): view('emails/updateMe...', Array)
#5 C:\xampp\htdocs\oaualumni\app\Controllers\Admin.php(2912): App\Controllers\Admin->sendUpdateOnlineMeetingEmail(Array)
#6 C:\xampp\htdocs\oaualumni\system\CodeIgniter.php(825): App\Controllers\Admin->updateZoomMeeting()
#7 C:\xampp\htdocs\oaualumni\system\CodeIgniter.php(412): CodeIgniter\CodeIgniter->runController(Object(App\Controllers\Admin))
#8 C:\xampp\htdocs\oaualumni\system\CodeIgniter.php(320): CodeIgniter\CodeIgniter->handleRequest(NULL, Object(Config\Cache), false)
#9 C:\xampp\htdocs\oaualumni\index.php(37): CodeIgniter\CodeIgniter->run()
#10 {main}
CRITICAL - 2024-05-27 04:24:04 --> syntax error, unexpected single-quoted string "topic", expecting "]"
#0 C:\xampp\htdocs\oaualumni\system\Autoloader\Autoloader.php(241): CodeIgniter\Autoloader\Autoloader->includeFile('C:\\xampp\\htdocs...')
#1 C:\xampp\htdocs\oaualumni\system\Autoloader\Autoloader.php(219): CodeIgniter\Autoloader\Autoloader->loadInNamespace('App\\Controllers...')
#2 [internal function]: CodeIgniter\Autoloader\Autoloader->loadClass('App\\Controllers...')
#3 C:\xampp\htdocs\oaualumni\system\CodeIgniter.php(790): class_exists('\\App\\Controller...', true)
#4 C:\xampp\htdocs\oaualumni\system\CodeIgniter.php(399): CodeIgniter\CodeIgniter->startController()
#5 C:\xampp\htdocs\oaualumni\system\CodeIgniter.php(320): CodeIgniter\CodeIgniter->handleRequest(NULL, Object(Config\Cache), false)
#6 C:\xampp\htdocs\oaualumni\index.php(37): CodeIgniter\CodeIgniter->run()
#7 {main}
CRITICAL - 2024-05-27 04:41:33 --> Undefined variable $mynews
#0 C:\xampp\htdocs\oaualumni\app\Views\content\MainHome.php(250): CodeIgniter\Debug\Exceptions->errorHandler(2, 'Undefined varia...', 'C:\\xampp\\htdocs...', 250)
#1 C:\xampp\htdocs\oaualumni\system\View\View.php(210): include('C:\\xampp\\htdocs...')
#2 C:\xampp\htdocs\oaualumni\system\View\View.php(213): CodeIgniter\View\View->CodeIgniter\View\{closure}()
#3 C:\xampp\htdocs\oaualumni\system\Common.php(1089): CodeIgniter\View\View->render('content/MainHom...', Array, true)
#4 C:\xampp\htdocs\oaualumni\app\Controllers\Home.php(57): view('content/MainHom...', Array)
#5 C:\xampp\htdocs\oaualumni\system\CodeIgniter.php(825): App\Controllers\Home->index()
#6 C:\xampp\htdocs\oaualumni\system\CodeIgniter.php(412): CodeIgniter\CodeIgniter->runController(Object(App\Controllers\Home))
#7 C:\xampp\htdocs\oaualumni\system\CodeIgniter.php(320): CodeIgniter\CodeIgniter->handleRequest(NULL, Object(Config\Cache), false)
#8 C:\xampp\htdocs\oaualumni\index.php(37): CodeIgniter\CodeIgniter->run()
#9 {main}
CRITICAL - 2024-05-27 04:42:18 --> Undefined array key 0
#0 C:\xampp\htdocs\oaualumni\app\Views\content\MainHome.php(250): CodeIgniter\Debug\Exceptions->errorHandler(2, 'Undefined array...', 'C:\\xampp\\htdocs...', 250)
#1 C:\xampp\htdocs\oaualumni\system\View\View.php(210): include('C:\\xampp\\htdocs...')
#2 C:\xampp\htdocs\oaualumni\system\View\View.php(213): CodeIgniter\View\View->CodeIgniter\View\{closure}()
#3 C:\xampp\htdocs\oaualumni\system\Common.php(1089): CodeIgniter\View\View->render('content/MainHom...', Array, true)
#4 C:\xampp\htdocs\oaualumni\app\Controllers\Home.php(57): view('content/MainHom...', Array)
#5 C:\xampp\htdocs\oaualumni\system\CodeIgniter.php(825): App\Controllers\Home->index()
#6 C:\xampp\htdocs\oaualumni\system\CodeIgniter.php(412): CodeIgniter\CodeIgniter->runController(Object(App\Controllers\Home))
#7 C:\xampp\htdocs\oaualumni\system\CodeIgniter.php(320): CodeIgniter\CodeIgniter->handleRequest(NULL, Object(Config\Cache), false)
#8 C:\xampp\htdocs\oaualumni\index.php(37): CodeIgniter\CodeIgniter->run()
#9 {main}
CRITICAL - 2024-05-27 04:42:21 --> Undefined array key 0
#0 C:\xampp\htdocs\oaualumni\app\Views\content\MainHome.php(250): CodeIgniter\Debug\Exceptions->errorHandler(2, 'Undefined array...', 'C:\\xampp\\htdocs...', 250)
#1 C:\xampp\htdocs\oaualumni\system\View\View.php(210): include('C:\\xampp\\htdocs...')
#2 C:\xampp\htdocs\oaualumni\system\View\View.php(213): CodeIgniter\View\View->CodeIgniter\View\{closure}()
#3 C:\xampp\htdocs\oaualumni\system\Common.php(1089): CodeIgniter\View\View->render('content/MainHom...', Array, true)
#4 C:\xampp\htdocs\oaualumni\app\Controllers\Home.php(57): view('content/MainHom...', Array)
#5 C:\xampp\htdocs\oaualumni\system\CodeIgniter.php(825): App\Controllers\Home->index()
#6 C:\xampp\htdocs\oaualumni\system\CodeIgniter.php(412): CodeIgniter\CodeIgniter->runController(Object(App\Controllers\Home))
#7 C:\xampp\htdocs\oaualumni\system\CodeIgniter.php(320): CodeIgniter\CodeIgniter->handleRequest(NULL, Object(Config\Cache), false)
#8 C:\xampp\htdocs\oaualumni\index.php(37): CodeIgniter\CodeIgniter->run()
#9 {main}
CRITICAL - 2024-05-27 04:42:27 --> Undefined array key "start_date"
#0 C:\xampp\htdocs\oaualumni\app\Views\content\MainHome.php(250): CodeIgniter\Debug\Exceptions->errorHandler(2, 'Undefined array...', 'C:\\xampp\\htdocs...', 250)
#1 C:\xampp\htdocs\oaualumni\system\View\View.php(210): include('C:\\xampp\\htdocs...')
#2 C:\xampp\htdocs\oaualumni\system\View\View.php(213): CodeIgniter\View\View->CodeIgniter\View\{closure}()
#3 C:\xampp\htdocs\oaualumni\system\Common.php(1089): CodeIgniter\View\View->render('content/MainHom...', Array, true)
#4 C:\xampp\htdocs\oaualumni\app\Controllers\Home.php(57): view('content/MainHom...', Array)
#5 C:\xampp\htdocs\oaualumni\system\CodeIgniter.php(825): App\Controllers\Home->index()
#6 C:\xampp\htdocs\oaualumni\system\CodeIgniter.php(412): CodeIgniter\CodeIgniter->runController(Object(App\Controllers\Home))
#7 C:\xampp\htdocs\oaualumni\system\CodeIgniter.php(320): CodeIgniter\CodeIgniter->handleRequest(NULL, Object(Config\Cache), false)
#8 C:\xampp\htdocs\oaualumni\index.php(37): CodeIgniter\CodeIgniter->run()
#9 {main}
CRITICAL - 2024-05-27 04:44:13 --> count(): Argument #1 ($value) must be of type Countable|array, App\Models\ModNewEvents given
#0 C:\xampp\htdocs\oaualumni\system\View\View.php(210): include()
#1 C:\xampp\htdocs\oaualumni\system\View\View.php(213): CodeIgniter\View\View->CodeIgniter\View\{closure}()
#2 C:\xampp\htdocs\oaualumni\system\Common.php(1089): CodeIgniter\View\View->render('content/MainHom...', Array, true)
#3 C:\xampp\htdocs\oaualumni\app\Controllers\Home.php(59): view('content/MainHom...', Array)
#4 C:\xampp\htdocs\oaualumni\system\CodeIgniter.php(825): App\Controllers\Home->index()
#5 C:\xampp\htdocs\oaualumni\system\CodeIgniter.php(412): CodeIgniter\CodeIgniter->runController(Object(App\Controllers\Home))
#6 C:\xampp\htdocs\oaualumni\system\CodeIgniter.php(320): CodeIgniter\CodeIgniter->handleRequest(NULL, Object(Config\Cache), false)
#7 C:\xampp\htdocs\oaualumni\index.php(37): CodeIgniter\CodeIgniter->run()
#8 {main}
CRITICAL - 2024-05-27 04:45:24 --> Undefined variable $checkNewEnt
#0 C:\xampp\htdocs\oaualumni\app\Views\content\MainHome.php(250): CodeIgniter\Debug\Exceptions->errorHandler(2, 'Undefined varia...', 'C:\\xampp\\htdocs...', 250)
#1 C:\xampp\htdocs\oaualumni\system\View\View.php(210): include('C:\\xampp\\htdocs...')
#2 C:\xampp\htdocs\oaualumni\system\View\View.php(213): CodeIgniter\View\View->CodeIgniter\View\{closure}()
#3 C:\xampp\htdocs\oaualumni\system\Common.php(1089): CodeIgniter\View\View->render('content/MainHom...', Array, true)
#4 C:\xampp\htdocs\oaualumni\app\Controllers\Home.php(59): view('content/MainHom...', Array)
#5 C:\xampp\htdocs\oaualumni\system\CodeIgniter.php(825): App\Controllers\Home->index()
#6 C:\xampp\htdocs\oaualumni\system\CodeIgniter.php(412): CodeIgniter\CodeIgniter->runController(Object(App\Controllers\Home))
#7 C:\xampp\htdocs\oaualumni\system\CodeIgniter.php(320): CodeIgniter\CodeIgniter->handleRequest(NULL, Object(Config\Cache), false)
#8 C:\xampp\htdocs\oaualumni\index.php(37): CodeIgniter\CodeIgniter->run()
#9 {main}
