CRITICAL - 2022-01-18 01:27:35 --> Invalid file: users/header.php
#0 C:\xampp\htdocs\club\system\View\View.php(198): CodeIgniter\Exceptions\FrameworkException::forInvalidFile('users/header.ph...')
#1 C:\xampp\htdocs\club\system\Common.php(1089): CodeIgniter\View\View->render('users/header', Array, true)
#2 C:\xampp\htdocs\club\app\Controllers\User.php(142): view('users/header', Array)
#3 C:\xampp\htdocs\club\system\CodeIgniter.php(825): App\Controllers\User->index()
#4 C:\xampp\htdocs\club\system\CodeIgniter.php(412): CodeIgniter\CodeIgniter->runController(Object(App\Controllers\User))
#5 C:\xampp\htdocs\club\system\CodeIgniter.php(320): CodeIgniter\CodeIgniter->handleRequest(NULL, Object(Config\Cache), false)
#6 C:\xampp\htdocs\club\index.php(37): CodeIgniter\CodeIgniter->run()
#7 {main}
CRITICAL - 2022-01-18 01:56:15 --> Invalid file: users/header/header.php
#0 C:\xampp\htdocs\club\system\View\View.php(198): CodeIgniter\Exceptions\FrameworkException::forInvalidFile('users/header/he...')
#1 C:\xampp\htdocs\club\system\Common.php(1089): CodeIgniter\View\View->render('users/header/he...', Array, true)
#2 C:\xampp\htdocs\club\app\Controllers\User.php(1898): view('users/header/he...', Array)
#3 C:\xampp\htdocs\club\system\CodeIgniter.php(825): App\Controllers\User->profile()
#4 C:\xampp\htdocs\club\system\CodeIgniter.php(412): CodeIgniter\CodeIgniter->runController(Object(App\Controllers\User))
#5 C:\xampp\htdocs\club\system\CodeIgniter.php(320): CodeIgniter\CodeIgniter->handleRequest(NULL, Object(Config\Cache), false)
#6 C:\xampp\htdocs\club\index.php(37): CodeIgniter\CodeIgniter->run()
#7 {main}
CRITICAL - 2022-01-18 01:57:14 --> Invalid file: users/header/header.php
#0 C:\xampp\htdocs\club\system\View\View.php(198): CodeIgniter\Exceptions\FrameworkException::forInvalidFile('users/header/he...')
#1 C:\xampp\htdocs\club\system\Common.php(1089): CodeIgniter\View\View->render('users/header/he...', Array, true)
#2 C:\xampp\htdocs\club\app\Controllers\User.php(1898): view('users/header/he...', Array)
#3 C:\xampp\htdocs\club\system\CodeIgniter.php(825): App\Controllers\User->profile()
#4 C:\xampp\htdocs\club\system\CodeIgniter.php(412): CodeIgniter\CodeIgniter->runController(Object(App\Controllers\User))
#5 C:\xampp\htdocs\club\system\CodeIgniter.php(320): CodeIgniter\CodeIgniter->handleRequest(NULL, Object(Config\Cache), false)
#6 C:\xampp\htdocs\club\index.php(37): CodeIgniter\CodeIgniter->run()
#7 {main}
CRITICAL - 2022-01-18 01:57:23 --> Invalid file: users/header/header.php
#0 C:\xampp\htdocs\club\system\View\View.php(198): CodeIgniter\Exceptions\FrameworkException::forInvalidFile('users/header/he...')
#1 C:\xampp\htdocs\club\system\Common.php(1089): CodeIgniter\View\View->render('users/header/he...', Array, true)
#2 C:\xampp\htdocs\club\app\Controllers\User.php(1846): view('users/header/he...', Array)
#3 C:\xampp\htdocs\club\system\CodeIgniter.php(825): App\Controllers\User->profile()
#4 C:\xampp\htdocs\club\system\CodeIgniter.php(412): CodeIgniter\CodeIgniter->runController(Object(App\Controllers\User))
#5 C:\xampp\htdocs\club\system\CodeIgniter.php(320): CodeIgniter\CodeIgniter->handleRequest(NULL, Object(Config\Cache), false)
#6 C:\xampp\htdocs\club\index.php(37): CodeIgniter\CodeIgniter->run()
#7 {main}
CRITICAL - 2022-01-18 01:58:13 --> Invalid file: users/header/header.php
#0 C:\xampp\htdocs\club\system\View\View.php(198): CodeIgniter\Exceptions\FrameworkException::forInvalidFile('users/header/he...')
#1 C:\xampp\htdocs\club\system\Common.php(1089): CodeIgniter\View\View->render('users/header/he...', Array, true)
#2 C:\xampp\htdocs\club\app\Controllers\User.php(1846): view('users/header/he...', Array)
#3 C:\xampp\htdocs\club\system\CodeIgniter.php(825): App\Controllers\User->profile()
#4 C:\xampp\htdocs\club\system\CodeIgniter.php(412): CodeIgniter\CodeIgniter->runController(Object(App\Controllers\User))
#5 C:\xampp\htdocs\club\system\CodeIgniter.php(320): CodeIgniter\CodeIgniter->handleRequest(NULL, Object(Config\Cache), false)
#6 C:\xampp\htdocs\club\index.php(37): CodeIgniter\CodeIgniter->run()
#7 {main}
CRITICAL - 2022-01-18 01:59:30 --> Invalid file: users/header/header.php
#0 C:\xampp\htdocs\club\system\View\View.php(198): CodeIgniter\Exceptions\FrameworkException::forInvalidFile('users/header/he...')
#1 C:\xampp\htdocs\club\system\Common.php(1089): CodeIgniter\View\View->render('users/header/he...', Array, true)
#2 C:\xampp\htdocs\club\app\Controllers\User.php(1846): view('users/header/he...', Array)
#3 C:\xampp\htdocs\club\system\CodeIgniter.php(825): App\Controllers\User->profile()
#4 C:\xampp\htdocs\club\system\CodeIgniter.php(412): CodeIgniter\CodeIgniter->runController(Object(App\Controllers\User))
#5 C:\xampp\htdocs\club\system\CodeIgniter.php(320): CodeIgniter\CodeIgniter->handleRequest(NULL, Object(Config\Cache), false)
#6 C:\xampp\htdocs\club\index.php(37): CodeIgniter\CodeIgniter->run()
#7 {main}
CRITICAL - 2022-01-18 01:59:35 --> Invalid file: users/header/header.php
#0 C:\xampp\htdocs\club\system\View\View.php(198): CodeIgniter\Exceptions\FrameworkException::forInvalidFile('users/header/he...')
#1 C:\xampp\htdocs\club\system\Common.php(1089): CodeIgniter\View\View->render('users/header/he...', Array, true)
#2 C:\xampp\htdocs\club\app\Controllers\User.php(1846): view('users/header/he...', Array)
#3 C:\xampp\htdocs\club\system\CodeIgniter.php(825): App\Controllers\User->profile()
#4 C:\xampp\htdocs\club\system\CodeIgniter.php(412): CodeIgniter\CodeIgniter->runController(Object(App\Controllers\User))
#5 C:\xampp\htdocs\club\system\CodeIgniter.php(320): CodeIgniter\CodeIgniter->handleRequest(NULL, Object(Config\Cache), false)
#6 C:\xampp\htdocs\club\index.php(37): CodeIgniter\CodeIgniter->run()
#7 {main}
CRITICAL - 2022-01-18 01:59:54 --> Cannot redeclare App\Controllers\User::profile()
#0 [internal function]: CodeIgniter\Debug\Exceptions->shutdownHandler()
#1 {main}
CRITICAL - 2022-01-18 01:59:59 --> Cannot redeclare App\Controllers\User::profile()
#0 [internal function]: CodeIgniter\Debug\Exceptions->shutdownHandler()
#1 {main}
ERROR - 2022-01-18 23:41:08 --> Email: sendWithSmtp throwed fsockopen(): php_network_getaddresses: getaddrinfo failed: No such host is known. 
ERROR - 2022-01-18 23:41:35 --> Email: sendWithSmtp throwed fsockopen(): php_network_getaddresses: getaddrinfo failed: No such host is known. 
CRITICAL - 2022-01-18 23:59:08 --> Argument 2 passed to form_input() must be of the type string, null given, called in C:\xampp\htdocs\club\app\Views\users\content\profile.php on line 26
#0 C:\xampp\htdocs\club\app\Views\users\content\profile.php(26): form_input('first_name', NULL, Array)
#1 C:\xampp\htdocs\club\system\View\View.php(210): include('C:\\xampp\\htdocs...')
#2 C:\xampp\htdocs\club\system\View\View.php(213): CodeIgniter\View\View->CodeIgniter\View\{closure}()
#3 C:\xampp\htdocs\club\system\Common.php(1089): CodeIgniter\View\View->render('users/content/p...', Array, true)
#4 C:\xampp\htdocs\club\app\Controllers\User.php(314): view('users/content/p...', Array)
#5 C:\xampp\htdocs\club\system\CodeIgniter.php(825): App\Controllers\User->profile()
#6 C:\xampp\htdocs\club\system\CodeIgniter.php(412): CodeIgniter\CodeIgniter->runController(Object(App\Controllers\User))
#7 C:\xampp\htdocs\club\system\CodeIgniter.php(320): CodeIgniter\CodeIgniter->handleRequest(NULL, Object(Config\Cache), false)
#8 C:\xampp\htdocs\club\index.php(37): CodeIgniter\CodeIgniter->run()
#9 {main}
